Using pre-set license

 COMMAND LINE ARGUMENTS:
/Applications/Unity/Hub/Editor/2020.3.16f1/Unity.app/Contents/MacOS/Unity
-adb2
-batchMode
-noUpm
-name
AssetImportWorker0
-projectPath
/Users/stevehechio/CreateWithCode/Helix Jump
-logFile
Logs/AssetImportWorker0.log
-srvPort
51876
Successfully changed project path to: /Users/stevehechio/CreateWithCode/Helix Jump
/Users/stevehechio/CreateWithCode/Helix Jump
Using Asset Import Pipeline V2.
Refreshing native plugins compatible for Editor in 105.38 ms, found 2 plugins.
Preloading 0 native plugins for Editor in 0.00 ms.
Initialize engine version: 2020.3.16f1 (049d6eca3c44)
[Subsystems] Discovering subsystems at path /Applications/Unity/Hub/Editor/2020.3.16f1/Unity.app/Contents/Resources/UnitySubsystems
[Subsystems] Discovering subsystems at path /Users/stevehechio/CreateWithCode/Helix Jump/Assets
GfxDevice: creating device client; threaded=0
2021-10-13 11:36:24.942 Unity[3562:74150] iMac preferred device: NVIDIA GeForce GT 755M (high power)
2021-10-13 11:36:24.942 Unity[3562:74150] Metal devices available: 1
2021-10-13 11:36:24.942 Unity[3562:74150] 0: NVIDIA GeForce GT 755M (high power)
2021-10-13 11:36:24.992 Unity[3562:74150] Using device NVIDIA GeForce GT 755M (high power)
Initializing Metal device caps: NVIDIA GeForce GT 755M
Initialize mono
Mono path[0] = '/Applications/Unity/Hub/Editor/2020.3.16f1/Unity.app/Contents/Managed'
Mono path[1] = '/Applications/Unity/Hub/Editor/2020.3.16f1/Unity.app/Contents/MonoBleedingEdge/lib/mono/unityjit'
Mono config path = '/Applications/Unity/Hub/Editor/2020.3.16f1/Unity.app/Contents/MonoBleedingEdge/etc'
Using monoOptions --debugger-agent=transport=dt_socket,embedding=1,server=y,suspend=n,address=127.0.0.1:56562
Begin MonoManager ReloadAssembly
Registering precompiled unity dll's ...
Register platform support module: /Applications/Unity/Hub/Editor/2020.3.16f1/Unity.app/Contents/PlaybackEngines/MacStandaloneSupport/UnityEditor.OSXStandalone.Extensions.dll
Registered in 0.108421 seconds.
Native extension for OSXStandalone target not found
Refreshing native plugins compatible for Editor in 55.25 ms, found 2 plugins.
Preloading 0 native plugins for Editor in 0.00 ms.
Mono: successfully reloaded assembly
- Completed reload, in 10.949 seconds
Domain Reload Profiling:
	ReloadAssembly (10949ms)
		BeginReloadAssembly (77ms)
			ExecutionOrderSort (0ms)
			DisableScriptedObjects (0ms)
			BackupInstance (0ms)
			ReleaseScriptingObjects (0ms)
			CreateAndSetChildDomain (1ms)
		EndReloadAssembly (1183ms)
			LoadAssemblies (91ms)
			RebuildTransferFunctionScriptingTraits (0ms)
			SetupTypeCache (306ms)
			ReleaseScriptCaches (0ms)
			RebuildScriptCaches (67ms)
			SetupLoadedEditorAssemblies (641ms)
				LogAssemblyErrors (0ms)
				InitializePlatformSupportModulesInManaged (6ms)
				SetLoadedEditorAssemblies (0ms)
				RefreshPlugins (55ms)
				BeforeProcessingInitializeOnLoad (234ms)
				ProcessInitializeOnLoadAttributes (219ms)
				ProcessInitializeOnLoadMethodAttributes (126ms)
				AfterProcessingInitializeOnLoad (0ms)
				EditorAssembliesLoaded (0ms)
			ExecutionOrderSort2 (0ms)
			AwakeInstancesAfterBackupRestoration (0ms)
Platform modules already initialized, skipping
Registering precompiled user dll's ...
Registered in 0.137979 seconds.
Begin MonoManager ReloadAssembly
Native extension for OSXStandalone target not found
Refreshing native plugins compatible for Editor in 0.61 ms, found 2 plugins.
Preloading 0 native plugins for Editor in 0.00 ms.
Mono: successfully reloaded assembly
- Completed reload, in  2.097 seconds
Domain Reload Profiling:
	ReloadAssembly (2136ms)
		BeginReloadAssembly (208ms)
			ExecutionOrderSort (0ms)
			DisableScriptedObjects (6ms)
			BackupInstance (0ms)
			ReleaseScriptingObjects (0ms)
			CreateAndSetChildDomain (45ms)
		EndReloadAssembly (1808ms)
			LoadAssemblies (370ms)
			RebuildTransferFunctionScriptingTraits (0ms)
			SetupTypeCache (411ms)
			ReleaseScriptCaches (1ms)
			RebuildScriptCaches (68ms)
			SetupLoadedEditorAssemblies (740ms)
				LogAssemblyErrors (0ms)
				InitializePlatformSupportModulesInManaged (7ms)
				SetLoadedEditorAssemblies (1ms)
				RefreshPlugins (1ms)
				BeforeProcessingInitializeOnLoad (199ms)
				ProcessInitializeOnLoadAttributes (525ms)
				ProcessInitializeOnLoadMethodAttributes (5ms)
				AfterProcessingInitializeOnLoad (1ms)
				EditorAssembliesLoaded (0ms)
			ExecutionOrderSort2 (0ms)
			AwakeInstancesAfterBackupRestoration (9ms)
Platform modules already initialized, skipping
========================================================================
Worker process is ready to serve import requests
Launching external process: /Applications/Unity/Hub/Editor/2020.3.16f1/Unity.app/Contents/Tools/UnityShaderCompiler
Launched and connected shader compiler UnityShaderCompiler after 1.02 seconds
Refreshing native plugins compatible for Editor in 0.68 ms, found 2 plugins.
Preloading 0 native plugins for Editor in 0.00 ms.
Unloading 1564 Unused Serialized files (Serialized files now loaded: 0)
System memory in use before: 145.6 MB.
System memory in use after: 145.7 MB.

Unloading 41 unused Assets to reduce memory usage. Loaded Objects now: 1976.
Total: 4.827745 ms (FindLiveObjects: 0.258133 ms CreateObjectMapping: 0.065129 ms MarkObjects: 4.374233 ms  DeleteObjects: 0.129105 ms)

AssetImportParameters requested are different than current active one (requested -> active):
  custom:video-decoder-ogg-theora: a1e56fd34408186e4bbccfd4996cb3dc -> 
  custom:container-muxer-webm: aa71ff27fc2769a1b78a27578f13a17b -> 
  custom:container-demuxer-webm: 4f35f7cbe854078d1ac9338744f61a02 -> 
  custom:container-demuxer-ogg: 62fdf1f143b41e24485cea50d1cbac27 -> 
  custom:video-encoder-webm-vp8: eb34c28f22e8b96e1ab97ce403110664 -> 
  custom:framework-osx-AVFoundation: b23960f63f64bdc6ff669e2cdcee2391 -> 
  custom:video-decoder-webm-vp8: 9c59270c3fd7afecdb556c50c9e8de78 -> 
  custom:audio-decoder-ogg-vorbis: bf7c407c2cedff20999df2af8eb42d56 -> 
  custom:audio-encoder-webm-vorbis: bf7c407c2cedff20999df2af8eb42d56 -> 
========================================================================
Received Import Request.
  path: Assets/Images/toolbar.png
  artifactKey: Guid(68e15d409fce841139217cbefe9becc8) Importer(815301076,1909f56bfc062723c751e8b465ee728b)
Start importing Assets/Images/toolbar.png using Guid(68e15d409fce841139217cbefe9becc8) Importer(815301076,1909f56bfc062723c751e8b465ee728b)  -> (artifact id: '9dd28c22e1b07a1c69dd3cdac3eed9a3') in 3.197163 seconds 
  Import took 3.241684 seconds .

========================================================================
Received Import Request.
  Time since last request: 31.569302 seconds.
  path: Assets/Images/toolbar.png
  artifactKey: Guid(68e15d409fce841139217cbefe9becc8) Importer(815301076,1909f56bfc062723c751e8b465ee728b)
Start importing Assets/Images/toolbar.png using Guid(68e15d409fce841139217cbefe9becc8) Importer(815301076,1909f56bfc062723c751e8b465ee728b)  -> (artifact id: 'dcd240a3a3b390162894ff099894b5ef') in 0.043115 seconds 
  Import took 0.067325 seconds .

========================================================================
Received Import Request.
  Time since last request: 3.673326 seconds.
  path: Assets/Images/toolbar.png
  artifactKey: Guid(68e15d409fce841139217cbefe9becc8) Importer(815301076,1909f56bfc062723c751e8b465ee728b)
Start importing Assets/Images/toolbar.png using Guid(68e15d409fce841139217cbefe9becc8) Importer(815301076,1909f56bfc062723c751e8b465ee728b)  -> (artifact id: 'f16fd8fb58800e1e6f6cabe44e675cfb') in 0.008841 seconds 
  Import took 0.024370 seconds .

========================================================================
Received Import Request.
  Time since last request: 50.941077 seconds.
  path: Assets/Images
  artifactKey: Guid(995c0e230e50e40a09af503b050fb514) Importer(815301076,1909f56bfc062723c751e8b465ee728b)
Start importing Assets/Images using Guid(995c0e230e50e40a09af503b050fb514) Importer(815301076,1909f56bfc062723c751e8b465ee728b)  -> (artifact id: '714343f5e649336dc43fe8855b694e9d') in 0.078407 seconds 
  Import took 0.110006 seconds .

========================================================================
Received Import Request.
  Time since last request: 29.380594 seconds.
  path: Assets/Images/New Physics Material 2D.physicsMaterial2D
  artifactKey: Guid(12632f26d9ec543f1a7bdab53b3335ed) Importer(815301076,1909f56bfc062723c751e8b465ee728b)
Start importing Assets/Images/New Physics Material 2D.physicsMaterial2D using Guid(12632f26d9ec543f1a7bdab53b3335ed) Importer(815301076,1909f56bfc062723c751e8b465ee728b)  -> (artifact id: '4012e69b97a516bb2a0655d50f7e0e92') in 2.273683 seconds 
  Import took 2.294814 seconds .

========================================================================
Received Prepare
Registering precompiled user dll's ...
Registered in 0.144246 seconds.
Begin MonoManager ReloadAssembly
Native extension for OSXStandalone target not found
Refreshing native plugins compatible for Editor in 1.02 ms, found 2 plugins.
Preloading 0 native plugins for Editor in 0.00 ms.
Mono: successfully reloaded assembly
- Completed reload, in  1.668 seconds
Domain Reload Profiling:
	ReloadAssembly (1685ms)
		BeginReloadAssembly (190ms)
			ExecutionOrderSort (0ms)
			DisableScriptedObjects (8ms)
			BackupInstance (0ms)
			ReleaseScriptingObjects (0ms)
			CreateAndSetChildDomain (98ms)
		EndReloadAssembly (1401ms)
			LoadAssemblies (96ms)
			RebuildTransferFunctionScriptingTraits (0ms)
			SetupTypeCache (458ms)
			ReleaseScriptCaches (1ms)
			RebuildScriptCaches (69ms)
			SetupLoadedEditorAssemblies (536ms)
				LogAssemblyErrors (0ms)
				InitializePlatformSupportModulesInManaged (6ms)
				SetLoadedEditorAssemblies (1ms)
				RefreshPlugins (1ms)
				BeforeProcessingInitializeOnLoad (102ms)
				ProcessInitializeOnLoadAttributes (420ms)
				ProcessInitializeOnLoadMethodAttributes (5ms)
				AfterProcessingInitializeOnLoad (2ms)
				EditorAssembliesLoaded (0ms)
			ExecutionOrderSort2 (0ms)
			AwakeInstancesAfterBackupRestoration (9ms)
Platform modules already initialized, skipping
Switching build target platform(2) subTarget(0) extendedPlatform(0) -> platform(13) subTarget(589824) extendedPlatform(0)
Refreshing native plugins compatible for Editor in 0.85 ms, found 2 plugins.
Preloading 0 native plugins for Editor in 0.00 ms.
Unloading 1561 Unused Serialized files (Serialized files now loaded: 0)
System memory in use before: 154.0 MB.
System memory in use after: 154.1 MB.

Unloading 36 unused Assets to reduce memory usage. Loaded Objects now: 1980.
Total: 4.514652 ms (FindLiveObjects: 0.227069 ms CreateObjectMapping: 0.117885 ms MarkObjects: 4.140905 ms  DeleteObjects: 0.027480 ms)

AssetImportParameters requested are different than current active one (requested -> active):
  custom:video-decoder-ogg-theora: a1e56fd34408186e4bbccfd4996cb3dc -> 
  custom:container-muxer-webm: aa71ff27fc2769a1b78a27578f13a17b -> 
  custom:container-demuxer-webm: 4f35f7cbe854078d1ac9338744f61a02 -> 
  custom:container-demuxer-ogg: 62fdf1f143b41e24485cea50d1cbac27 -> 
  custom:video-encoder-webm-vp8: eb34c28f22e8b96e1ab97ce403110664 -> 
  custom:framework-osx-AVFoundation: b23960f63f64bdc6ff669e2cdcee2391 -> 
  custom:video-decoder-webm-vp8: 9c59270c3fd7afecdb556c50c9e8de78 -> 
  custom:graphics/normal-map-encoding: 01000000000000000000000000000000 -> 02000000000000000000000000000000
  custom:audio-decoder-ogg-vorbis: bf7c407c2cedff20999df2af8eb42d56 -> 
  custom:audio-encoder-webm-vorbis: bf7c407c2cedff20999df2af8eb42d56 -> 
========================================================================
Received Prepare
Registering precompiled user dll's ...
Registered in 0.489321 seconds.
Begin MonoManager ReloadAssembly
Native extension for OSXStandalone target not found
Refreshing native plugins compatible for Editor in 0.65 ms, found 2 plugins.
Preloading 0 native plugins for Editor in 0.00 ms.
Mono: successfully reloaded assembly
- Completed reload, in  2.068 seconds
Domain Reload Profiling:
	ReloadAssembly (2096ms)
		BeginReloadAssembly (240ms)
			ExecutionOrderSort (0ms)
			DisableScriptedObjects (7ms)
			BackupInstance (0ms)
			ReleaseScriptingObjects (0ms)
			CreateAndSetChildDomain (86ms)
		EndReloadAssembly (1771ms)
			LoadAssemblies (426ms)
			RebuildTransferFunctionScriptingTraits (0ms)
			SetupTypeCache (408ms)
			ReleaseScriptCaches (1ms)
			RebuildScriptCaches (59ms)
			SetupLoadedEditorAssemblies (578ms)
				LogAssemblyErrors (0ms)
				InitializePlatformSupportModulesInManaged (6ms)
				SetLoadedEditorAssemblies (1ms)
				RefreshPlugins (1ms)
				BeforeProcessingInitializeOnLoad (82ms)
				ProcessInitializeOnLoadAttributes (482ms)
				ProcessInitializeOnLoadMethodAttributes (5ms)
				AfterProcessingInitializeOnLoad (2ms)
				EditorAssembliesLoaded (0ms)
			ExecutionOrderSort2 (0ms)
			AwakeInstancesAfterBackupRestoration (9ms)
Platform modules already initialized, skipping
Switching build target platform(2) subTarget(0) extendedPlatform(0) -> platform(13) subTarget(589824) extendedPlatform(0)
Refreshing native plugins compatible for Editor in 1.13 ms, found 2 plugins.
Preloading 0 native plugins for Editor in 0.00 ms.
Unloading 1561 Unused Serialized files (Serialized files now loaded: 0)
System memory in use before: 154.2 MB.
System memory in use after: 154.3 MB.

Unloading 36 unused Assets to reduce memory usage. Loaded Objects now: 1982.
Total: 4.235230 ms (FindLiveObjects: 0.250420 ms CreateObjectMapping: 0.138550 ms MarkObjects: 3.817604 ms  DeleteObjects: 0.027472 ms)

AssetImportParameters requested are different than current active one (requested -> active):
  custom:video-decoder-ogg-theora: a1e56fd34408186e4bbccfd4996cb3dc -> 
  custom:container-muxer-webm: aa71ff27fc2769a1b78a27578f13a17b -> 
  custom:container-demuxer-webm: 4f35f7cbe854078d1ac9338744f61a02 -> 
  custom:container-demuxer-ogg: 62fdf1f143b41e24485cea50d1cbac27 -> 
  custom:video-encoder-webm-vp8: eb34c28f22e8b96e1ab97ce403110664 -> 
  custom:framework-osx-AVFoundation: b23960f63f64bdc6ff669e2cdcee2391 -> 
  custom:video-decoder-webm-vp8: 9c59270c3fd7afecdb556c50c9e8de78 -> 
  custom:graphics/normal-map-encoding: 01000000000000000000000000000000 -> 02000000000000000000000000000000
  custom:audio-decoder-ogg-vorbis: bf7c407c2cedff20999df2af8eb42d56 -> 
  custom:audio-encoder-webm-vorbis: bf7c407c2cedff20999df2af8eb42d56 -> 
========================================================================
Received Prepare
Registering precompiled user dll's ...
Registered in 0.090912 seconds.
Begin MonoManager ReloadAssembly
Native extension for OSXStandalone target not found
Refreshing native plugins compatible for Editor in 0.59 ms, found 2 plugins.
Preloading 0 native plugins for Editor in 0.00 ms.
Mono: successfully reloaded assembly
- Completed reload, in  1.972 seconds
Domain Reload Profiling:
	ReloadAssembly (2014ms)
		BeginReloadAssembly (208ms)
			ExecutionOrderSort (0ms)
			DisableScriptedObjects (7ms)
			BackupInstance (0ms)
			ReleaseScriptingObjects (0ms)
			CreateAndSetChildDomain (90ms)
		EndReloadAssembly (1710ms)
			LoadAssemblies (235ms)
			RebuildTransferFunctionScriptingTraits (0ms)
			SetupTypeCache (466ms)
			ReleaseScriptCaches (1ms)
			RebuildScriptCaches (67ms)
			SetupLoadedEditorAssemblies (628ms)
				LogAssemblyErrors (0ms)
				InitializePlatformSupportModulesInManaged (7ms)
				SetLoadedEditorAssemblies (1ms)
				RefreshPlugins (1ms)
				BeforeProcessingInitializeOnLoad (94ms)
				ProcessInitializeOnLoadAttributes (518ms)
				ProcessInitializeOnLoadMethodAttributes (6ms)
				AfterProcessingInitializeOnLoad (2ms)
				EditorAssembliesLoaded (0ms)
			ExecutionOrderSort2 (0ms)
			AwakeInstancesAfterBackupRestoration (12ms)
Platform modules already initialized, skipping
Switching build target platform(2) subTarget(0) extendedPlatform(0) -> platform(13) subTarget(589824) extendedPlatform(0)
Refreshing native plugins compatible for Editor in 0.60 ms, found 2 plugins.
Preloading 0 native plugins for Editor in 0.00 ms.
Unloading 1561 Unused Serialized files (Serialized files now loaded: 0)
System memory in use before: 154.4 MB.
System memory in use after: 154.5 MB.

Unloading 36 unused Assets to reduce memory usage. Loaded Objects now: 1984.
Total: 4.007615 ms (FindLiveObjects: 0.312933 ms CreateObjectMapping: 0.152548 ms MarkObjects: 3.517562 ms  DeleteObjects: 0.023430 ms)

AssetImportParameters requested are different than current active one (requested -> active):
  custom:video-decoder-ogg-theora: a1e56fd34408186e4bbccfd4996cb3dc -> 
  custom:container-muxer-webm: aa71ff27fc2769a1b78a27578f13a17b -> 
  custom:container-demuxer-webm: 4f35f7cbe854078d1ac9338744f61a02 -> 
  custom:container-demuxer-ogg: 62fdf1f143b41e24485cea50d1cbac27 -> 
  custom:video-encoder-webm-vp8: eb34c28f22e8b96e1ab97ce403110664 -> 
  custom:framework-osx-AVFoundation: b23960f63f64bdc6ff669e2cdcee2391 -> 
  custom:video-decoder-webm-vp8: 9c59270c3fd7afecdb556c50c9e8de78 -> 
  custom:graphics/normal-map-encoding: 01000000000000000000000000000000 -> 02000000000000000000000000000000
  custom:audio-decoder-ogg-vorbis: bf7c407c2cedff20999df2af8eb42d56 -> 
  custom:audio-encoder-webm-vorbis: bf7c407c2cedff20999df2af8eb42d56 -> 
========================================================================
Received Prepare
Registering precompiled user dll's ...
Registered in 0.298643 seconds.
Begin MonoManager ReloadAssembly
Native extension for OSXStandalone target not found
Refreshing native plugins compatible for Editor in 1.20 ms, found 2 plugins.
Preloading 0 native plugins for Editor in 0.00 ms.
Mono: successfully reloaded assembly
- Completed reload, in  1.633 seconds
Domain Reload Profiling:
	ReloadAssembly (1650ms)
		BeginReloadAssembly (160ms)
			ExecutionOrderSort (0ms)
			DisableScriptedObjects (6ms)
			BackupInstance (0ms)
			ReleaseScriptingObjects (0ms)
			CreateAndSetChildDomain (76ms)
		EndReloadAssembly (1403ms)
			LoadAssemblies (86ms)
			RebuildTransferFunctionScriptingTraits (0ms)
			SetupTypeCache (409ms)
			ReleaseScriptCaches (1ms)
			RebuildScriptCaches (58ms)
			SetupLoadedEditorAssemblies (542ms)
				LogAssemblyErrors (0ms)
				InitializePlatformSupportModulesInManaged (6ms)
				SetLoadedEditorAssemblies (2ms)
				RefreshPlugins (1ms)
				BeforeProcessingInitializeOnLoad (86ms)
				ProcessInitializeOnLoadAttributes (440ms)
				ProcessInitializeOnLoadMethodAttributes (5ms)
				AfterProcessingInitializeOnLoad (2ms)
				EditorAssembliesLoaded (0ms)
			ExecutionOrderSort2 (0ms)
			AwakeInstancesAfterBackupRestoration (11ms)
Platform modules already initialized, skipping
Switching build target platform(2) subTarget(0) extendedPlatform(0) -> platform(13) subTarget(589824) extendedPlatform(0)
Refreshing native plugins compatible for Editor in 0.59 ms, found 2 plugins.
Preloading 0 native plugins for Editor in 0.00 ms.
Unloading 1561 Unused Serialized files (Serialized files now loaded: 0)
System memory in use before: 154.6 MB.
System memory in use after: 154.7 MB.

Unloading 36 unused Assets to reduce memory usage. Loaded Objects now: 1986.
Total: 3.406573 ms (FindLiveObjects: 0.169400 ms CreateObjectMapping: 0.057801 ms MarkObjects: 3.158793 ms  DeleteObjects: 0.019545 ms)

AssetImportParameters requested are different than current active one (requested -> active):
  custom:video-decoder-ogg-theora: a1e56fd34408186e4bbccfd4996cb3dc -> 
  custom:container-muxer-webm: aa71ff27fc2769a1b78a27578f13a17b -> 
  custom:container-demuxer-webm: 4f35f7cbe854078d1ac9338744f61a02 -> 
  custom:container-demuxer-ogg: 62fdf1f143b41e24485cea50d1cbac27 -> 
  custom:video-encoder-webm-vp8: eb34c28f22e8b96e1ab97ce403110664 -> 
  custom:framework-osx-AVFoundation: b23960f63f64bdc6ff669e2cdcee2391 -> 
  custom:video-decoder-webm-vp8: 9c59270c3fd7afecdb556c50c9e8de78 -> 
  custom:graphics/normal-map-encoding: 01000000000000000000000000000000 -> 02000000000000000000000000000000
  custom:audio-decoder-ogg-vorbis: bf7c407c2cedff20999df2af8eb42d56 -> 
  custom:audio-encoder-webm-vorbis: bf7c407c2cedff20999df2af8eb42d56 -> 
========================================================================
Received Import Request.
  Time since last request: 2022.573863 seconds.
  path: Assets/Scenes/SampleScene.unity
  artifactKey: Guid(9fc0d4010bbf28b4594072e72b8655ab) Importer(815301076,1909f56bfc062723c751e8b465ee728b)
Start importing Assets/Scenes/SampleScene.unity using Guid(9fc0d4010bbf28b4594072e72b8655ab) Importer(815301076,1909f56bfc062723c751e8b465ee728b)  -> (artifact id: 'd9ceb47134729f4ac133418dff91aa83') in 0.120750 seconds 
  Import took 0.162048 seconds .

========================================================================
Received Import Request.
  Time since last request: 35.901284 seconds.
  path: Assets/Stages/6.asset
  artifactKey: Guid(679b5941fcdae40cca77a987e9ec0da2) Importer(815301076,1909f56bfc062723c751e8b465ee728b)
Start importing Assets/Stages/6.asset using Guid(679b5941fcdae40cca77a987e9ec0da2) Importer(815301076,1909f56bfc062723c751e8b465ee728b)  -> (artifact id: '8d859b8ebec9ca3e7f2108928391e460') in 0.631006 seconds 
  Import took 0.678223 seconds .

========================================================================
Received Import Request.
  Time since last request: 20.819760 seconds.
  path: Assets/Stages/5.asset
  artifactKey: Guid(659c19078df5d4e2394aa219847997f0) Importer(815301076,1909f56bfc062723c751e8b465ee728b)
Start importing Assets/Stages/5.asset using Guid(659c19078df5d4e2394aa219847997f0) Importer(815301076,1909f56bfc062723c751e8b465ee728b)  -> (artifact id: 'b3c77436488c722623959c92c10910d0') in 0.108780 seconds 
  Import took 0.149802 seconds .

========================================================================
Received Prepare
Registering precompiled user dll's ...
Registered in 0.291069 seconds.
Begin MonoManager ReloadAssembly
Native extension for OSXStandalone target not found
Refreshing native plugins compatible for Editor in 0.60 ms, found 2 plugins.
Preloading 0 native plugins for Editor in 0.00 ms.
Mono: successfully reloaded assembly
- Completed reload, in  1.628 seconds
Domain Reload Profiling:
	ReloadAssembly (1629ms)
		BeginReloadAssembly (178ms)
			ExecutionOrderSort (0ms)
			DisableScriptedObjects (6ms)
			BackupInstance (0ms)
			ReleaseScriptingObjects (0ms)
			CreateAndSetChildDomain (100ms)
		EndReloadAssembly (1353ms)
			LoadAssemblies (103ms)
			RebuildTransferFunctionScriptingTraits (0ms)
			SetupTypeCache (441ms)
			ReleaseScriptCaches (1ms)
			RebuildScriptCaches (66ms)
			SetupLoadedEditorAssemblies (466ms)
				LogAssemblyErrors (0ms)
				InitializePlatformSupportModulesInManaged (6ms)
				SetLoadedEditorAssemblies (1ms)
				RefreshPlugins (1ms)
				BeforeProcessingInitializeOnLoad (88ms)
				ProcessInitializeOnLoadAttributes (364ms)
				ProcessInitializeOnLoadMethodAttributes (5ms)
				AfterProcessingInitializeOnLoad (2ms)
				EditorAssembliesLoaded (0ms)
			ExecutionOrderSort2 (0ms)
			AwakeInstancesAfterBackupRestoration (11ms)
Platform modules already initialized, skipping
Switching build target platform(2) subTarget(0) extendedPlatform(0) -> platform(13) subTarget(589824) extendedPlatform(0)
Refreshing native plugins compatible for Editor in 0.58 ms, found 2 plugins.
Preloading 0 native plugins for Editor in 0.00 ms.
Unloading 1561 Unused Serialized files (Serialized files now loaded: 0)
System memory in use before: 158.9 MB.
System memory in use after: 159.0 MB.

Unloading 36 unused Assets to reduce memory usage. Loaded Objects now: 1988.
Total: 3.589222 ms (FindLiveObjects: 0.170761 ms CreateObjectMapping: 0.068125 ms MarkObjects: 3.331436 ms  DeleteObjects: 0.017783 ms)

AssetImportParameters requested are different than current active one (requested -> active):
  custom:video-decoder-ogg-theora: a1e56fd34408186e4bbccfd4996cb3dc -> 
  custom:container-muxer-webm: aa71ff27fc2769a1b78a27578f13a17b -> 
  custom:container-demuxer-webm: 4f35f7cbe854078d1ac9338744f61a02 -> 
  custom:container-demuxer-ogg: 62fdf1f143b41e24485cea50d1cbac27 -> 
  custom:video-encoder-webm-vp8: eb34c28f22e8b96e1ab97ce403110664 -> 
  custom:framework-osx-AVFoundation: b23960f63f64bdc6ff669e2cdcee2391 -> 
  custom:video-decoder-webm-vp8: 9c59270c3fd7afecdb556c50c9e8de78 -> 
  custom:graphics/normal-map-encoding: 01000000000000000000000000000000 -> 02000000000000000000000000000000
  custom:audio-decoder-ogg-vorbis: bf7c407c2cedff20999df2af8eb42d56 -> 
  custom:audio-encoder-webm-vorbis: bf7c407c2cedff20999df2af8eb42d56 -> 
========================================================================
Received Prepare
Registering precompiled user dll's ...
Registered in 0.084113 seconds.
Begin MonoManager ReloadAssembly
Native extension for OSXStandalone target not found
Refreshing native plugins compatible for Editor in 1.02 ms, found 2 plugins.
Preloading 0 native plugins for Editor in 0.00 ms.
Mono: successfully reloaded assembly
- Completed reload, in  1.735 seconds
Domain Reload Profiling:
	ReloadAssembly (1736ms)
		BeginReloadAssembly (184ms)
			ExecutionOrderSort (0ms)
			DisableScriptedObjects (6ms)
			BackupInstance (0ms)
			ReleaseScriptingObjects (0ms)
			CreateAndSetChildDomain (85ms)
		EndReloadAssembly (1460ms)
			LoadAssemblies (92ms)
			RebuildTransferFunctionScriptingTraits (0ms)
			SetupTypeCache (451ms)
			ReleaseScriptCaches (1ms)
			RebuildScriptCaches (63ms)
			SetupLoadedEditorAssemblies (509ms)
				LogAssemblyErrors (0ms)
				InitializePlatformSupportModulesInManaged (12ms)
				SetLoadedEditorAssemblies (1ms)
				RefreshPlugins (1ms)
				BeforeProcessingInitializeOnLoad (100ms)
				ProcessInitializeOnLoadAttributes (386ms)
				ProcessInitializeOnLoadMethodAttributes (5ms)
				AfterProcessingInitializeOnLoad (4ms)
				EditorAssembliesLoaded (1ms)
			ExecutionOrderSort2 (0ms)
			AwakeInstancesAfterBackupRestoration (11ms)
Platform modules already initialized, skipping
Switching build target platform(2) subTarget(0) extendedPlatform(0) -> platform(13) subTarget(589824) extendedPlatform(0)
Refreshing native plugins compatible for Editor in 0.67 ms, found 2 plugins.
Preloading 0 native plugins for Editor in 0.00 ms.
Unloading 1561 Unused Serialized files (Serialized files now loaded: 0)
System memory in use before: 159.1 MB.
System memory in use after: 159.2 MB.

Unloading 36 unused Assets to reduce memory usage. Loaded Objects now: 1990.
Total: 4.776227 ms (FindLiveObjects: 0.198291 ms CreateObjectMapping: 0.064046 ms MarkObjects: 4.486323 ms  DeleteObjects: 0.026140 ms)

AssetImportParameters requested are different than current active one (requested -> active):
  custom:video-decoder-ogg-theora: a1e56fd34408186e4bbccfd4996cb3dc -> 
  custom:container-muxer-webm: aa71ff27fc2769a1b78a27578f13a17b -> 
  custom:container-demuxer-webm: 4f35f7cbe854078d1ac9338744f61a02 -> 
  custom:container-demuxer-ogg: 62fdf1f143b41e24485cea50d1cbac27 -> 
  custom:video-encoder-webm-vp8: eb34c28f22e8b96e1ab97ce403110664 -> 
  custom:framework-osx-AVFoundation: b23960f63f64bdc6ff669e2cdcee2391 -> 
  custom:video-decoder-webm-vp8: 9c59270c3fd7afecdb556c50c9e8de78 -> 
  custom:graphics/normal-map-encoding: 01000000000000000000000000000000 -> 02000000000000000000000000000000
  custom:audio-decoder-ogg-vorbis: bf7c407c2cedff20999df2af8eb42d56 -> 
  custom:audio-encoder-webm-vorbis: bf7c407c2cedff20999df2af8eb42d56 -> 
========================================================================
Received Prepare
Registering precompiled user dll's ...
Registered in 0.097780 seconds.
Begin MonoManager ReloadAssembly
Native extension for OSXStandalone target not found
Refreshing native plugins compatible for Editor in 0.72 ms, found 2 plugins.
Preloading 0 native plugins for Editor in 0.00 ms.
Mono: successfully reloaded assembly
- Completed reload, in  1.454 seconds
Domain Reload Profiling:
	ReloadAssembly (1455ms)
		BeginReloadAssembly (145ms)
			ExecutionOrderSort (0ms)
			DisableScriptedObjects (6ms)
			BackupInstance (0ms)
			ReleaseScriptingObjects (0ms)
			CreateAndSetChildDomain (78ms)
		EndReloadAssembly (1225ms)
			LoadAssemblies (90ms)
			RebuildTransferFunctionScriptingTraits (0ms)
			SetupTypeCache (418ms)
			ReleaseScriptCaches (1ms)
			RebuildScriptCaches (62ms)
			SetupLoadedEditorAssemblies (468ms)
				LogAssemblyErrors (0ms)
				InitializePlatformSupportModulesInManaged (6ms)
				SetLoadedEditorAssemblies (1ms)
				RefreshPlugins (1ms)
				BeforeProcessingInitializeOnLoad (84ms)
				ProcessInitializeOnLoadAttributes (370ms)
				ProcessInitializeOnLoadMethodAttributes (5ms)
				AfterProcessingInitializeOnLoad (2ms)
				EditorAssembliesLoaded (0ms)
			ExecutionOrderSort2 (0ms)
			AwakeInstancesAfterBackupRestoration (12ms)
Platform modules already initialized, skipping
Switching build target platform(2) subTarget(0) extendedPlatform(0) -> platform(13) subTarget(589824) extendedPlatform(0)
Refreshing native plugins compatible for Editor in 0.53 ms, found 2 plugins.
Preloading 0 native plugins for Editor in 0.00 ms.
Unloading 1561 Unused Serialized files (Serialized files now loaded: 0)
System memory in use before: 159.3 MB.
System memory in use after: 159.4 MB.

Unloading 36 unused Assets to reduce memory usage. Loaded Objects now: 1992.
Total: 3.445462 ms (FindLiveObjects: 0.179693 ms CreateObjectMapping: 0.063541 ms MarkObjects: 3.180658 ms  DeleteObjects: 0.020490 ms)

AssetImportParameters requested are different than current active one (requested -> active):
  custom:video-decoder-ogg-theora: a1e56fd34408186e4bbccfd4996cb3dc -> 
  custom:container-muxer-webm: aa71ff27fc2769a1b78a27578f13a17b -> 
  custom:container-demuxer-webm: 4f35f7cbe854078d1ac9338744f61a02 -> 
  custom:container-demuxer-ogg: 62fdf1f143b41e24485cea50d1cbac27 -> 
  custom:video-encoder-webm-vp8: eb34c28f22e8b96e1ab97ce403110664 -> 
  custom:framework-osx-AVFoundation: b23960f63f64bdc6ff669e2cdcee2391 -> 
  custom:video-decoder-webm-vp8: 9c59270c3fd7afecdb556c50c9e8de78 -> 
  custom:graphics/normal-map-encoding: 01000000000000000000000000000000 -> 02000000000000000000000000000000
  custom:audio-decoder-ogg-vorbis: bf7c407c2cedff20999df2af8eb42d56 -> 
  custom:audio-encoder-webm-vorbis: bf7c407c2cedff20999df2af8eb42d56 -> 
========================================================================
Received Prepare
Registering precompiled user dll's ...
Registered in 0.132993 seconds.
Begin MonoManager ReloadAssembly
Native extension for OSXStandalone target not found
Refreshing native plugins compatible for Editor in 0.62 ms, found 2 plugins.
Preloading 0 native plugins for Editor in 0.00 ms.
Mono: successfully reloaded assembly
- Completed reload, in  1.493 seconds
Domain Reload Profiling:
	ReloadAssembly (1493ms)
		BeginReloadAssembly (145ms)
			ExecutionOrderSort (0ms)
			DisableScriptedObjects (6ms)
			BackupInstance (0ms)
			ReleaseScriptingObjects (0ms)
			CreateAndSetChildDomain (75ms)
		EndReloadAssembly (1265ms)
			LoadAssemblies (86ms)
			RebuildTransferFunctionScriptingTraits (0ms)
			SetupTypeCache (404ms)
			ReleaseScriptCaches (1ms)
			RebuildScriptCaches (58ms)
			SetupLoadedEditorAssemblies (445ms)
				LogAssemblyErrors (0ms)
				InitializePlatformSupportModulesInManaged (6ms)
				SetLoadedEditorAssemblies (1ms)
				RefreshPlugins (1ms)
				BeforeProcessingInitializeOnLoad (86ms)
				ProcessInitializeOnLoadAttributes (345ms)
				ProcessInitializeOnLoadMethodAttributes (5ms)
				AfterProcessingInitializeOnLoad (2ms)
				EditorAssembliesLoaded (0ms)
			ExecutionOrderSort2 (0ms)
			AwakeInstancesAfterBackupRestoration (9ms)
Platform modules already initialized, skipping
Switching build target platform(2) subTarget(0) extendedPlatform(0) -> platform(13) subTarget(589824) extendedPlatform(0)
Refreshing native plugins compatible for Editor in 0.61 ms, found 2 plugins.
Preloading 0 native plugins for Editor in 0.00 ms.
Unloading 1561 Unused Serialized files (Serialized files now loaded: 0)
System memory in use before: 159.5 MB.
System memory in use after: 159.6 MB.

Unloading 36 unused Assets to reduce memory usage. Loaded Objects now: 1994.
Total: 3.967808 ms (FindLiveObjects: 0.222767 ms CreateObjectMapping: 0.117987 ms MarkObjects: 3.603164 ms  DeleteObjects: 0.022951 ms)

AssetImportParameters requested are different than current active one (requested -> active):
  custom:video-decoder-ogg-theora: a1e56fd34408186e4bbccfd4996cb3dc -> 
  custom:container-muxer-webm: aa71ff27fc2769a1b78a27578f13a17b -> 
  custom:container-demuxer-webm: 4f35f7cbe854078d1ac9338744f61a02 -> 
  custom:container-demuxer-ogg: 62fdf1f143b41e24485cea50d1cbac27 -> 
  custom:video-encoder-webm-vp8: eb34c28f22e8b96e1ab97ce403110664 -> 
  custom:framework-osx-AVFoundation: b23960f63f64bdc6ff669e2cdcee2391 -> 
  custom:video-decoder-webm-vp8: 9c59270c3fd7afecdb556c50c9e8de78 -> 
  custom:graphics/normal-map-encoding: 01000000000000000000000000000000 -> 02000000000000000000000000000000
  custom:audio-decoder-ogg-vorbis: bf7c407c2cedff20999df2af8eb42d56 -> 
  custom:audio-encoder-webm-vorbis: bf7c407c2cedff20999df2af8eb42d56 -> 
========================================================================
Received Prepare
Registering precompiled user dll's ...
Registered in 0.038545 seconds.
Begin MonoManager ReloadAssembly
Native extension for OSXStandalone target not found
Refreshing native plugins compatible for Editor in 0.60 ms, found 2 plugins.
Preloading 0 native plugins for Editor in 0.00 ms.
Mono: successfully reloaded assembly
- Completed reload, in  1.714 seconds
Domain Reload Profiling:
	ReloadAssembly (1714ms)
		BeginReloadAssembly (146ms)
			ExecutionOrderSort (0ms)
			DisableScriptedObjects (6ms)
			BackupInstance (0ms)
			ReleaseScriptingObjects (0ms)
			CreateAndSetChildDomain (77ms)
		EndReloadAssembly (1481ms)
			LoadAssemblies (246ms)
			RebuildTransferFunctionScriptingTraits (0ms)
			SetupTypeCache (410ms)
			ReleaseScriptCaches (1ms)
			RebuildScriptCaches (59ms)
			SetupLoadedEditorAssemblies (527ms)
				LogAssemblyErrors (0ms)
				InitializePlatformSupportModulesInManaged (6ms)
				SetLoadedEditorAssemblies (1ms)
				RefreshPlugins (1ms)
				BeforeProcessingInitializeOnLoad (83ms)
				ProcessInitializeOnLoadAttributes (428ms)
				ProcessInitializeOnLoadMethodAttributes (5ms)
				AfterProcessingInitializeOnLoad (2ms)
				EditorAssembliesLoaded (0ms)
			ExecutionOrderSort2 (0ms)
			AwakeInstancesAfterBackupRestoration (9ms)
Platform modules already initialized, skipping
Switching build target platform(2) subTarget(0) extendedPlatform(0) -> platform(13) subTarget(589824) extendedPlatform(0)
Refreshing native plugins compatible for Editor in 0.55 ms, found 2 plugins.
Preloading 0 native plugins for Editor in 0.00 ms.
Unloading 1561 Unused Serialized files (Serialized files now loaded: 0)
System memory in use before: 159.7 MB.
System memory in use after: 159.8 MB.

Unloading 36 unused Assets to reduce memory usage. Loaded Objects now: 1996.
Total: 3.161939 ms (FindLiveObjects: 0.177495 ms CreateObjectMapping: 0.056266 ms MarkObjects: 2.908013 ms  DeleteObjects: 0.019206 ms)

AssetImportParameters requested are different than current active one (requested -> active):
  custom:video-decoder-ogg-theora: a1e56fd34408186e4bbccfd4996cb3dc -> 
  custom:container-muxer-webm: aa71ff27fc2769a1b78a27578f13a17b -> 
  custom:container-demuxer-webm: 4f35f7cbe854078d1ac9338744f61a02 -> 
  custom:container-demuxer-ogg: 62fdf1f143b41e24485cea50d1cbac27 -> 
  custom:video-encoder-webm-vp8: eb34c28f22e8b96e1ab97ce403110664 -> 
  custom:framework-osx-AVFoundation: b23960f63f64bdc6ff669e2cdcee2391 -> 
  custom:video-decoder-webm-vp8: 9c59270c3fd7afecdb556c50c9e8de78 -> 
  custom:graphics/normal-map-encoding: 01000000000000000000000000000000 -> 02000000000000000000000000000000
  custom:audio-decoder-ogg-vorbis: bf7c407c2cedff20999df2af8eb42d56 -> 
  custom:audio-encoder-webm-vorbis: bf7c407c2cedff20999df2af8eb42d56 -> 
========================================================================
Received Import Request.
  Time since last request: 745.927455 seconds.
  path: Assets/Stages/8.asset
  artifactKey: Guid(2cf458580fb0c4c2289c76a272229c29) Importer(815301076,1909f56bfc062723c751e8b465ee728b)
Start importing Assets/Stages/8.asset using Guid(2cf458580fb0c4c2289c76a272229c29) Importer(815301076,1909f56bfc062723c751e8b465ee728b)  -> (artifact id: '4acb7495c9e264bfb1d3e21f24ad53a9') in 0.044268 seconds 
  Import took 0.078854 seconds .

========================================================================
Received Import Request.
  Time since last request: 298.499947 seconds.
  path: Assets/Stages/New Stage.asset
  artifactKey: Guid(5b4961f21fe9642a4b01837d8ca27280) Importer(815301076,1909f56bfc062723c751e8b465ee728b)
Start importing Assets/Stages/New Stage.asset using Guid(5b4961f21fe9642a4b01837d8ca27280) Importer(815301076,1909f56bfc062723c751e8b465ee728b)  -> (artifact id: 'fd3627ef0f894e2316343fa97a6dde2e') in 0.053008 seconds 
  Import took 0.080124 seconds .

========================================================================
Received Import Request.
  Time since last request: 77.076249 seconds.
  path: Assets/Stages/9.asset
  artifactKey: Guid(5b4961f21fe9642a4b01837d8ca27280) Importer(815301076,1909f56bfc062723c751e8b465ee728b)
Start importing Assets/Stages/9.asset using Guid(5b4961f21fe9642a4b01837d8ca27280) Importer(815301076,1909f56bfc062723c751e8b465ee728b)  -> (artifact id: 'a9cc029c3b939099218f71191418d08d') in 0.033961 seconds 
  Import took 0.071699 seconds .

========================================================================
Received Import Request.
  Time since last request: 118.748978 seconds.
  path: Assets/Stages/10.asset
  artifactKey: Guid(c76284554c476444191dec137fa559a7) Importer(815301076,1909f56bfc062723c751e8b465ee728b)
Start importing Assets/Stages/10.asset using Guid(c76284554c476444191dec137fa559a7) Importer(815301076,1909f56bfc062723c751e8b465ee728b)  -> (artifact id: '4f6293ed7f6be7758a79d24ad83caa2b') in 0.031629 seconds 
  Import took 0.056725 seconds .

========================================================================
Received Import Request.
  Time since last request: 6.207470 seconds.
  path: Assets/Stages/11.asset
  artifactKey: Guid(868ffcbfa5a92421d95743dc70a9f8b3) Importer(815301076,1909f56bfc062723c751e8b465ee728b)
Start importing Assets/Stages/11.asset using Guid(868ffcbfa5a92421d95743dc70a9f8b3) Importer(815301076,1909f56bfc062723c751e8b465ee728b)  -> (artifact id: 'cd6b2d1625f4d31f83daddab076055ae') in 0.033442 seconds 
  Import took 0.059349 seconds .

========================================================================
Received Import Request.
  Time since last request: 8.813254 seconds.
  path: Assets/Stages/12.asset
  artifactKey: Guid(10b3bf936ef4046249358955877efa45) Importer(815301076,1909f56bfc062723c751e8b465ee728b)
Start importing Assets/Stages/12.asset using Guid(10b3bf936ef4046249358955877efa45) Importer(815301076,1909f56bfc062723c751e8b465ee728b)  -> (artifact id: '0076bbceba31c10498056a10d918b846') in 0.031855 seconds 
  Import took 0.060231 seconds .

========================================================================
Received Import Request.
  Time since last request: 476.543919 seconds.
  path: Assets/Stages/New Stage.asset
  artifactKey: Guid(37e4a4fde834945a9be7c754ebfd9ccb) Importer(815301076,1909f56bfc062723c751e8b465ee728b)
Start importing Assets/Stages/New Stage.asset using Guid(37e4a4fde834945a9be7c754ebfd9ccb) Importer(815301076,1909f56bfc062723c751e8b465ee728b)  -> (artifact id: '5b4ad7aaf126a53ebcea144dedd8a781') in 0.005053 seconds 
  Import took 0.010147 seconds .

========================================================================
Received Import Request.
  Time since last request: 0.006228 seconds.
  path: Assets/Stages/New Stage.asset
  artifactKey: Guid(37e4a4fde834945a9be7c754ebfd9ccb) Importer(815301076,1909f56bfc062723c751e8b465ee728b)
Start importing Assets/Stages/New Stage.asset using Guid(37e4a4fde834945a9be7c754ebfd9ccb) Importer(815301076,1909f56bfc062723c751e8b465ee728b)  -> (artifact id: '5b4ad7aaf126a53ebcea144dedd8a781') in 0.003801 seconds 
  Import took 0.008102 seconds .

========================================================================
Received Import Request.
  Time since last request: 16.299602 seconds.
  path: Assets/Stages/13.asset
  artifactKey: Guid(37e4a4fde834945a9be7c754ebfd9ccb) Importer(815301076,1909f56bfc062723c751e8b465ee728b)
Start importing Assets/Stages/13.asset using Guid(37e4a4fde834945a9be7c754ebfd9ccb) Importer(815301076,1909f56bfc062723c751e8b465ee728b)  -> (artifact id: '88be5aff8a54028d79c59302c4b9790a') in 0.034002 seconds 
  Import took 0.062803 seconds .

========================================================================
Received Import Request.
  Time since last request: 123.510642 seconds.
  path: Assets/Stages/14.asset
  artifactKey: Guid(57125774bb55f4688b35e33466031235) Importer(815301076,1909f56bfc062723c751e8b465ee728b)
Start importing Assets/Stages/14.asset using Guid(57125774bb55f4688b35e33466031235) Importer(815301076,1909f56bfc062723c751e8b465ee728b)  -> (artifact id: '83aabc579a491eef356b5fffe8224fa2') in 0.048274 seconds 
  Import took 0.073952 seconds .

========================================================================
Received Import Request.
  Time since last request: 151.806416 seconds.
  path: Assets/Stages/New Stage.asset
  artifactKey: Guid(b31162047354240ae8469d8140e622e8) Importer(815301076,1909f56bfc062723c751e8b465ee728b)
Start importing Assets/Stages/New Stage.asset using Guid(b31162047354240ae8469d8140e622e8) Importer(815301076,1909f56bfc062723c751e8b465ee728b)  -> (artifact id: 'a02547f9dc24411b4ded14c210eb3d8e') in 0.004683 seconds 
  Import took 0.022753 seconds .

========================================================================
Received Import Request.
  Time since last request: 94.557506 seconds.
  path: Assets/Stages/15.asset
  artifactKey: Guid(b31162047354240ae8469d8140e622e8) Importer(815301076,1909f56bfc062723c751e8b465ee728b)
Start importing Assets/Stages/15.asset using Guid(b31162047354240ae8469d8140e622e8) Importer(815301076,1909f56bfc062723c751e8b465ee728b)  -> (artifact id: 'bb20c8f2dde8fb3df63d68730f78f5fe') in 0.069356 seconds 
  Import took 0.111902 seconds .

========================================================================
Received Prepare
Registering precompiled user dll's ...
Registered in 0.131818 seconds.
Begin MonoManager ReloadAssembly
Native extension for OSXStandalone target not found
Refreshing native plugins compatible for Editor in 0.55 ms, found 2 plugins.
Preloading 0 native plugins for Editor in 0.00 ms.
Mono: successfully reloaded assembly
- Completed reload, in  2.528 seconds
Domain Reload Profiling:
	ReloadAssembly (2579ms)
		BeginReloadAssembly (307ms)
			ExecutionOrderSort (0ms)
			DisableScriptedObjects (12ms)
			BackupInstance (0ms)
			ReleaseScriptingObjects (0ms)
			CreateAndSetChildDomain (153ms)
		EndReloadAssembly (2178ms)
			LoadAssemblies (704ms)
			RebuildTransferFunctionScriptingTraits (0ms)
			SetupTypeCache (442ms)
			ReleaseScriptCaches (1ms)
			RebuildScriptCaches (66ms)
			SetupLoadedEditorAssemblies (629ms)
				LogAssemblyErrors (0ms)
				InitializePlatformSupportModulesInManaged (6ms)
				SetLoadedEditorAssemblies (1ms)
				RefreshPlugins (1ms)
				BeforeProcessingInitializeOnLoad (94ms)
				ProcessInitializeOnLoadAttributes (521ms)
				ProcessInitializeOnLoadMethodAttributes (5ms)
				AfterProcessingInitializeOnLoad (2ms)
				EditorAssembliesLoaded (0ms)
			ExecutionOrderSort2 (0ms)
			AwakeInstancesAfterBackupRestoration (12ms)
Platform modules already initialized, skipping
Switching build target platform(2) subTarget(0) extendedPlatform(0) -> platform(13) subTarget(589824) extendedPlatform(0)
Refreshing native plugins compatible for Editor in 0.60 ms, found 2 plugins.
Preloading 0 native plugins for Editor in 0.00 ms.
Unloading 1561 Unused Serialized files (Serialized files now loaded: 0)
System memory in use before: 159.9 MB.
System memory in use after: 160.0 MB.

Unloading 36 unused Assets to reduce memory usage. Loaded Objects now: 1998.
Total: 3.893194 ms (FindLiveObjects: 0.365302 ms CreateObjectMapping: 0.089312 ms MarkObjects: 3.406009 ms  DeleteObjects: 0.030972 ms)

AssetImportParameters requested are different than current active one (requested -> active):
  custom:video-decoder-ogg-theora: a1e56fd34408186e4bbccfd4996cb3dc -> 
  custom:container-muxer-webm: aa71ff27fc2769a1b78a27578f13a17b -> 
  custom:container-demuxer-webm: 4f35f7cbe854078d1ac9338744f61a02 -> 
  custom:container-demuxer-ogg: 62fdf1f143b41e24485cea50d1cbac27 -> 
  custom:video-encoder-webm-vp8: eb34c28f22e8b96e1ab97ce403110664 -> 
  custom:framework-osx-AVFoundation: b23960f63f64bdc6ff669e2cdcee2391 -> 
  custom:video-decoder-webm-vp8: 9c59270c3fd7afecdb556c50c9e8de78 -> 
  custom:graphics/normal-map-encoding: 01000000000000000000000000000000 -> 02000000000000000000000000000000
  custom:audio-decoder-ogg-vorbis: bf7c407c2cedff20999df2af8eb42d56 -> 
  custom:audio-encoder-webm-vorbis: bf7c407c2cedff20999df2af8eb42d56 -> 
========================================================================
Received Prepare
Refreshing native plugins compatible for Editor in 1792.41 ms, found 2 plugins.
Preloading 0 native plugins for Editor in 0.00 ms.
Unloading 34 Unused Serialized files (Serialized files now loaded: 0)
System memory in use before: 130.4 MB.
System memory in use after: 130.5 MB.

Unloading 34 unused Assets to reduce memory usage. Loaded Objects now: 1998.
Total: 4.503545 ms (FindLiveObjects: 0.246047 ms CreateObjectMapping: 0.069458 ms MarkObjects: 4.155998 ms  DeleteObjects: 0.031255 ms)

AssetImportParameters requested are different than current active one (requested -> active):
  custom:video-decoder-ogg-theora: a1e56fd34408186e4bbccfd4996cb3dc -> 
  custom:container-muxer-webm: aa71ff27fc2769a1b78a27578f13a17b -> 
  custom:container-demuxer-webm: 4f35f7cbe854078d1ac9338744f61a02 -> 
  custom:container-demuxer-ogg: 62fdf1f143b41e24485cea50d1cbac27 -> 
  custom:video-encoder-webm-vp8: eb34c28f22e8b96e1ab97ce403110664 -> 
  custom:framework-osx-AVFoundation: b23960f63f64bdc6ff669e2cdcee2391 -> 
  custom:video-decoder-webm-vp8: 9c59270c3fd7afecdb556c50c9e8de78 -> 
  custom:audio-decoder-ogg-vorbis: bf7c407c2cedff20999df2af8eb42d56 -> 
  custom:audio-encoder-webm-vorbis: bf7c407c2cedff20999df2af8eb42d56 -> 
========================================================================
Received Prepare
Refreshing native plugins compatible for Editor in 293.30 ms, found 2 plugins.
Preloading 0 native plugins for Editor in 0.00 ms.
Unloading 34 Unused Serialized files (Serialized files now loaded: 0)
System memory in use before: 130.4 MB.
System memory in use after: 130.5 MB.

Unloading 34 unused Assets to reduce memory usage. Loaded Objects now: 1998.
Total: 22.435110 ms (FindLiveObjects: 0.660323 ms CreateObjectMapping: 0.079026 ms MarkObjects: 21.629518 ms  DeleteObjects: 0.065260 ms)

AssetImportParameters requested are different than current active one (requested -> active):
  custom:video-decoder-ogg-theora: a1e56fd34408186e4bbccfd4996cb3dc -> 
  custom:container-muxer-webm: aa71ff27fc2769a1b78a27578f13a17b -> 
  custom:container-demuxer-webm: 4f35f7cbe854078d1ac9338744f61a02 -> 
  custom:container-demuxer-ogg: 62fdf1f143b41e24485cea50d1cbac27 -> 
  custom:video-encoder-webm-vp8: eb34c28f22e8b96e1ab97ce403110664 -> 
  custom:framework-osx-AVFoundation: b23960f63f64bdc6ff669e2cdcee2391 -> 
  custom:video-decoder-webm-vp8: 9c59270c3fd7afecdb556c50c9e8de78 -> 
  custom:audio-decoder-ogg-vorbis: bf7c407c2cedff20999df2af8eb42d56 -> 
  custom:audio-encoder-webm-vorbis: bf7c407c2cedff20999df2af8eb42d56 -> 
========================================================================
Received Prepare
Refreshing native plugins compatible for Editor in 443.75 ms, found 2 plugins.
Preloading 0 native plugins for Editor in 0.00 ms.
Unloading 34 Unused Serialized files (Serialized files now loaded: 0)
System memory in use before: 130.4 MB.
System memory in use after: 130.5 MB.

Unloading 34 unused Assets to reduce memory usage. Loaded Objects now: 1998.
Total: 25.482779 ms (FindLiveObjects: 0.842651 ms CreateObjectMapping: 0.079235 ms MarkObjects: 24.422687 ms  DeleteObjects: 0.137176 ms)

AssetImportParameters requested are different than current active one (requested -> active):
  custom:video-decoder-ogg-theora: a1e56fd34408186e4bbccfd4996cb3dc -> 
  custom:container-muxer-webm: aa71ff27fc2769a1b78a27578f13a17b -> 
  custom:container-demuxer-webm: 4f35f7cbe854078d1ac9338744f61a02 -> 
  custom:container-demuxer-ogg: 62fdf1f143b41e24485cea50d1cbac27 -> 
  custom:video-encoder-webm-vp8: eb34c28f22e8b96e1ab97ce403110664 -> 
  custom:framework-osx-AVFoundation: b23960f63f64bdc6ff669e2cdcee2391 -> 
  custom:video-decoder-webm-vp8: 9c59270c3fd7afecdb556c50c9e8de78 -> 
  custom:audio-decoder-ogg-vorbis: bf7c407c2cedff20999df2af8eb42d56 -> 
  custom:audio-encoder-webm-vorbis: bf7c407c2cedff20999df2af8eb42d56 -> 
========================================================================
Received Prepare
Refreshing native plugins compatible for Editor in 1484.93 ms, found 2 plugins.
Preloading 0 native plugins for Editor in 0.00 ms.
Unloading 34 Unused Serialized files (Serialized files now loaded: 0)
System memory in use before: 130.4 MB.
System memory in use after: 130.5 MB.

Unloading 34 unused Assets to reduce memory usage. Loaded Objects now: 1998.
Total: 4.134156 ms (FindLiveObjects: 0.229707 ms CreateObjectMapping: 0.083897 ms MarkObjects: 3.791430 ms  DeleteObjects: 0.027998 ms)

AssetImportParameters requested are different than current active one (requested -> active):
  custom:video-decoder-ogg-theora: a1e56fd34408186e4bbccfd4996cb3dc -> 
  custom:container-muxer-webm: aa71ff27fc2769a1b78a27578f13a17b -> 
  custom:container-demuxer-webm: 4f35f7cbe854078d1ac9338744f61a02 -> 
  custom:container-demuxer-ogg: 62fdf1f143b41e24485cea50d1cbac27 -> 
  custom:video-encoder-webm-vp8: eb34c28f22e8b96e1ab97ce403110664 -> 
  custom:framework-osx-AVFoundation: b23960f63f64bdc6ff669e2cdcee2391 -> 
  custom:video-decoder-webm-vp8: 9c59270c3fd7afecdb556c50c9e8de78 -> 
  custom:audio-decoder-ogg-vorbis: bf7c407c2cedff20999df2af8eb42d56 -> 
  custom:audio-encoder-webm-vorbis: bf7c407c2cedff20999df2af8eb42d56 -> 
========================================================================
Received Prepare
Refreshing native plugins compatible for Editor in 733.82 ms, found 2 plugins.
Preloading 0 native plugins for Editor in 0.00 ms.
Unloading 34 Unused Serialized files (Serialized files now loaded: 0)
System memory in use before: 130.4 MB.
System memory in use after: 130.5 MB.

Unloading 34 unused Assets to reduce memory usage. Loaded Objects now: 1998.
Total: 4.180967 ms (FindLiveObjects: 0.207960 ms CreateObjectMapping: 0.061069 ms MarkObjects: 3.884329 ms  DeleteObjects: 0.026450 ms)

AssetImportParameters requested are different than current active one (requested -> active):
  custom:video-decoder-ogg-theora: a1e56fd34408186e4bbccfd4996cb3dc -> 
  custom:container-muxer-webm: aa71ff27fc2769a1b78a27578f13a17b -> 
  custom:container-demuxer-webm: 4f35f7cbe854078d1ac9338744f61a02 -> 
  custom:container-demuxer-ogg: 62fdf1f143b41e24485cea50d1cbac27 -> 
  custom:video-encoder-webm-vp8: eb34c28f22e8b96e1ab97ce403110664 -> 
  custom:framework-osx-AVFoundation: b23960f63f64bdc6ff669e2cdcee2391 -> 
  custom:video-decoder-webm-vp8: 9c59270c3fd7afecdb556c50c9e8de78 -> 
  custom:audio-decoder-ogg-vorbis: bf7c407c2cedff20999df2af8eb42d56 -> 
  custom:audio-encoder-webm-vorbis: bf7c407c2cedff20999df2af8eb42d56 -> 
========================================================================
Received Prepare
Refreshing native plugins compatible for Editor in 501.87 ms, found 2 plugins.
Preloading 0 native plugins for Editor in 0.00 ms.
Unloading 34 Unused Serialized files (Serialized files now loaded: 0)
System memory in use before: 130.4 MB.
System memory in use after: 130.5 MB.

Unloading 34 unused Assets to reduce memory usage. Loaded Objects now: 1998.
Total: 3.529860 ms (FindLiveObjects: 0.194920 ms CreateObjectMapping: 0.065246 ms MarkObjects: 3.244762 ms  DeleteObjects: 0.023985 ms)

AssetImportParameters requested are different than current active one (requested -> active):
  custom:video-decoder-ogg-theora: a1e56fd34408186e4bbccfd4996cb3dc -> 
  custom:container-muxer-webm: aa71ff27fc2769a1b78a27578f13a17b -> 
  custom:container-demuxer-webm: 4f35f7cbe854078d1ac9338744f61a02 -> 
  custom:container-demuxer-ogg: 62fdf1f143b41e24485cea50d1cbac27 -> 
  custom:video-encoder-webm-vp8: eb34c28f22e8b96e1ab97ce403110664 -> 
  custom:framework-osx-AVFoundation: b23960f63f64bdc6ff669e2cdcee2391 -> 
  custom:video-decoder-webm-vp8: 9c59270c3fd7afecdb556c50c9e8de78 -> 
  custom:audio-decoder-ogg-vorbis: bf7c407c2cedff20999df2af8eb42d56 -> 
  custom:audio-encoder-webm-vorbis: bf7c407c2cedff20999df2af8eb42d56 -> 
========================================================================
Received Prepare
Refreshing native plugins compatible for Editor in 998.62 ms, found 2 plugins.
Preloading 0 native plugins for Editor in 0.00 ms.
Unloading 34 Unused Serialized files (Serialized files now loaded: 0)
System memory in use before: 130.4 MB.
System memory in use after: 130.5 MB.

Unloading 34 unused Assets to reduce memory usage. Loaded Objects now: 1998.
Total: 21.331425 ms (FindLiveObjects: 0.645845 ms CreateObjectMapping: 0.055344 ms MarkObjects: 20.537114 ms  DeleteObjects: 0.091736 ms)

AssetImportParameters requested are different than current active one (requested -> active):
  custom:video-decoder-ogg-theora: a1e56fd34408186e4bbccfd4996cb3dc -> 
  custom:container-muxer-webm: aa71ff27fc2769a1b78a27578f13a17b -> 
  custom:container-demuxer-webm: 4f35f7cbe854078d1ac9338744f61a02 -> 
  custom:container-demuxer-ogg: 62fdf1f143b41e24485cea50d1cbac27 -> 
  custom:video-encoder-webm-vp8: eb34c28f22e8b96e1ab97ce403110664 -> 
  custom:framework-osx-AVFoundation: b23960f63f64bdc6ff669e2cdcee2391 -> 
  custom:video-decoder-webm-vp8: 9c59270c3fd7afecdb556c50c9e8de78 -> 
  custom:audio-decoder-ogg-vorbis: bf7c407c2cedff20999df2af8eb42d56 -> 
  custom:audio-encoder-webm-vorbis: bf7c407c2cedff20999df2af8eb42d56 -> 
========================================================================
Received Prepare
Refreshing native plugins compatible for Editor in 434.73 ms, found 2 plugins.
Preloading 0 native plugins for Editor in 0.00 ms.
Unloading 34 Unused Serialized files (Serialized files now loaded: 0)
System memory in use before: 130.4 MB.
System memory in use after: 130.5 MB.

Unloading 34 unused Assets to reduce memory usage. Loaded Objects now: 1998.
Total: 24.779705 ms (FindLiveObjects: 0.741781 ms CreateObjectMapping: 0.065306 ms MarkObjects: 23.896260 ms  DeleteObjects: 0.074672 ms)

AssetImportParameters requested are different than current active one (requested -> active):
  custom:video-decoder-ogg-theora: a1e56fd34408186e4bbccfd4996cb3dc -> 
  custom:container-muxer-webm: aa71ff27fc2769a1b78a27578f13a17b -> 
  custom:container-demuxer-webm: 4f35f7cbe854078d1ac9338744f61a02 -> 
  custom:container-demuxer-ogg: 62fdf1f143b41e24485cea50d1cbac27 -> 
  custom:video-encoder-webm-vp8: eb34c28f22e8b96e1ab97ce403110664 -> 
  custom:framework-osx-AVFoundation: b23960f63f64bdc6ff669e2cdcee2391 -> 
  custom:video-decoder-webm-vp8: 9c59270c3fd7afecdb556c50c9e8de78 -> 
  custom:audio-decoder-ogg-vorbis: bf7c407c2cedff20999df2af8eb42d56 -> 
  custom:audio-encoder-webm-vorbis: bf7c407c2cedff20999df2af8eb42d56 -> 
========================================================================
Received Prepare
Refreshing native plugins compatible for Editor in 343.06 ms, found 2 plugins.
Preloading 0 native plugins for Editor in 0.00 ms.
Unloading 34 Unused Serialized files (Serialized files now loaded: 0)
System memory in use before: 130.4 MB.
System memory in use after: 130.5 MB.

Unloading 34 unused Assets to reduce memory usage. Loaded Objects now: 1998.
Total: 4.319251 ms (FindLiveObjects: 0.213349 ms CreateObjectMapping: 0.086910 ms MarkObjects: 3.992013 ms  DeleteObjects: 0.025928 ms)

AssetImportParameters requested are different than current active one (requested -> active):
  custom:video-decoder-ogg-theora: a1e56fd34408186e4bbccfd4996cb3dc -> 
  custom:container-muxer-webm: aa71ff27fc2769a1b78a27578f13a17b -> 
  custom:container-demuxer-webm: 4f35f7cbe854078d1ac9338744f61a02 -> 
  custom:container-demuxer-ogg: 62fdf1f143b41e24485cea50d1cbac27 -> 
  custom:video-encoder-webm-vp8: eb34c28f22e8b96e1ab97ce403110664 -> 
  custom:framework-osx-AVFoundation: b23960f63f64bdc6ff669e2cdcee2391 -> 
  custom:video-decoder-webm-vp8: 9c59270c3fd7afecdb556c50c9e8de78 -> 
  custom:audio-decoder-ogg-vorbis: bf7c407c2cedff20999df2af8eb42d56 -> 
  custom:audio-encoder-webm-vorbis: bf7c407c2cedff20999df2af8eb42d56 -> 
========================================================================
Received Prepare
Registering precompiled user dll's ...
Registered in 0.370310 seconds.
Begin MonoManager ReloadAssembly
Native extension for OSXStandalone target not found
Refreshing native plugins compatible for Editor in 0.62 ms, found 2 plugins.
Preloading 0 native plugins for Editor in 0.00 ms.
Mono: successfully reloaded assembly
- Completed reload, in  4.209 seconds
Domain Reload Profiling:
	ReloadAssembly (4234ms)
		BeginReloadAssembly (571ms)
			ExecutionOrderSort (0ms)
			DisableScriptedObjects (15ms)
			BackupInstance (0ms)
			ReleaseScriptingObjects (0ms)
			CreateAndSetChildDomain (141ms)
		EndReloadAssembly (3573ms)
			LoadAssemblies (1942ms)
			RebuildTransferFunctionScriptingTraits (0ms)
			SetupTypeCache (433ms)
			ReleaseScriptCaches (1ms)
			RebuildScriptCaches (62ms)
			SetupLoadedEditorAssemblies (726ms)
				LogAssemblyErrors (0ms)
				InitializePlatformSupportModulesInManaged (19ms)
				SetLoadedEditorAssemblies (1ms)
				RefreshPlugins (1ms)
				BeforeProcessingInitializeOnLoad (86ms)
				ProcessInitializeOnLoadAttributes (613ms)
				ProcessInitializeOnLoadMethodAttributes (5ms)
				AfterProcessingInitializeOnLoad (2ms)
				EditorAssembliesLoaded (0ms)
			ExecutionOrderSort2 (0ms)
			AwakeInstancesAfterBackupRestoration (11ms)
Platform modules already initialized, skipping
Switching build target platform(2) subTarget(0) extendedPlatform(0) -> platform(13) subTarget(589824) extendedPlatform(0)
Refreshing native plugins compatible for Editor in 0.52 ms, found 2 plugins.
Preloading 0 native plugins for Editor in 0.00 ms.
Unloading 1561 Unused Serialized files (Serialized files now loaded: 0)
System memory in use before: 160.1 MB.
System memory in use after: 160.2 MB.

Unloading 36 unused Assets to reduce memory usage. Loaded Objects now: 2000.
Total: 3.473677 ms (FindLiveObjects: 0.239169 ms CreateObjectMapping: 0.058490 ms MarkObjects: 3.144353 ms  DeleteObjects: 0.030390 ms)

AssetImportParameters requested are different than current active one (requested -> active):
  custom:video-decoder-ogg-theora: a1e56fd34408186e4bbccfd4996cb3dc -> 
  custom:container-muxer-webm: aa71ff27fc2769a1b78a27578f13a17b -> 
  custom:container-demuxer-webm: 4f35f7cbe854078d1ac9338744f61a02 -> 
  custom:container-demuxer-ogg: 62fdf1f143b41e24485cea50d1cbac27 -> 
  custom:video-encoder-webm-vp8: eb34c28f22e8b96e1ab97ce403110664 -> 
  custom:framework-osx-AVFoundation: b23960f63f64bdc6ff669e2cdcee2391 -> 
  custom:video-decoder-webm-vp8: 9c59270c3fd7afecdb556c50c9e8de78 -> 
  custom:graphics/normal-map-encoding: 01000000000000000000000000000000 -> 02000000000000000000000000000000
  custom:audio-decoder-ogg-vorbis: bf7c407c2cedff20999df2af8eb42d56 -> 
  custom:audio-encoder-webm-vorbis: bf7c407c2cedff20999df2af8eb42d56 -> 
========================================================================
Received Prepare
Refreshing native plugins compatible for Editor in 1409.74 ms, found 2 plugins.
Preloading 0 native plugins for Editor in 0.00 ms.
Unloading 34 Unused Serialized files (Serialized files now loaded: 0)
System memory in use before: 130.6 MB.
System memory in use after: 130.7 MB.

Unloading 34 unused Assets to reduce memory usage. Loaded Objects now: 2000.
Total: 4.675785 ms (FindLiveObjects: 0.172945 ms CreateObjectMapping: 0.055335 ms MarkObjects: 4.392616 ms  DeleteObjects: 0.053845 ms)

AssetImportParameters requested are different than current active one (requested -> active):
  custom:video-decoder-ogg-theora: a1e56fd34408186e4bbccfd4996cb3dc -> 
  custom:container-muxer-webm: aa71ff27fc2769a1b78a27578f13a17b -> 
  custom:container-demuxer-webm: 4f35f7cbe854078d1ac9338744f61a02 -> 
  custom:container-demuxer-ogg: 62fdf1f143b41e24485cea50d1cbac27 -> 
  custom:video-encoder-webm-vp8: eb34c28f22e8b96e1ab97ce403110664 -> 
  custom:framework-osx-AVFoundation: b23960f63f64bdc6ff669e2cdcee2391 -> 
  custom:video-decoder-webm-vp8: 9c59270c3fd7afecdb556c50c9e8de78 -> 
  custom:audio-decoder-ogg-vorbis: bf7c407c2cedff20999df2af8eb42d56 -> 
  custom:audio-encoder-webm-vorbis: bf7c407c2cedff20999df2af8eb42d56 -> 
========================================================================
Received Prepare
Registering precompiled user dll's ...
Registered in 0.513721 seconds.
Begin MonoManager ReloadAssembly
Native extension for OSXStandalone target not found
Refreshing native plugins compatible for Editor in 2.29 ms, found 2 plugins.
Preloading 0 native plugins for Editor in 0.00 ms.
Mono: successfully reloaded assembly
- Completed reload, in  2.710 seconds
Domain Reload Profiling:
	ReloadAssembly (2743ms)
		BeginReloadAssembly (342ms)
			ExecutionOrderSort (0ms)
			DisableScriptedObjects (14ms)
			BackupInstance (0ms)
			ReleaseScriptingObjects (0ms)
			CreateAndSetChildDomain (159ms)
		EndReloadAssembly (2309ms)
			LoadAssemblies (692ms)
			RebuildTransferFunctionScriptingTraits (0ms)
			SetupTypeCache (483ms)
			ReleaseScriptCaches (1ms)
			RebuildScriptCaches (60ms)
			SetupLoadedEditorAssemblies (669ms)
				LogAssemblyErrors (0ms)
				InitializePlatformSupportModulesInManaged (6ms)
				SetLoadedEditorAssemblies (1ms)
				RefreshPlugins (2ms)
				BeforeProcessingInitializeOnLoad (102ms)
				ProcessInitializeOnLoadAttributes (550ms)
				ProcessInitializeOnLoadMethodAttributes (5ms)
				AfterProcessingInitializeOnLoad (2ms)
				EditorAssembliesLoaded (0ms)
			ExecutionOrderSort2 (0ms)
			AwakeInstancesAfterBackupRestoration (18ms)
Platform modules already initialized, skipping
Switching build target platform(2) subTarget(0) extendedPlatform(0) -> platform(13) subTarget(589824) extendedPlatform(0)
Refreshing native plugins compatible for Editor in 0.53 ms, found 2 plugins.
Preloading 0 native plugins for Editor in 0.00 ms.
Unloading 1561 Unused Serialized files (Serialized files now loaded: 0)
System memory in use before: 160.3 MB.
System memory in use after: 160.4 MB.

Unloading 36 unused Assets to reduce memory usage. Loaded Objects now: 2002.
Total: 4.803121 ms (FindLiveObjects: 0.526166 ms CreateObjectMapping: 0.077143 ms MarkObjects: 4.144664 ms  DeleteObjects: 0.052240 ms)

AssetImportParameters requested are different than current active one (requested -> active):
  custom:video-decoder-ogg-theora: a1e56fd34408186e4bbccfd4996cb3dc -> 
  custom:container-muxer-webm: aa71ff27fc2769a1b78a27578f13a17b -> 
  custom:container-demuxer-webm: 4f35f7cbe854078d1ac9338744f61a02 -> 
  custom:container-demuxer-ogg: 62fdf1f143b41e24485cea50d1cbac27 -> 
  custom:video-encoder-webm-vp8: eb34c28f22e8b96e1ab97ce403110664 -> 
  custom:framework-osx-AVFoundation: b23960f63f64bdc6ff669e2cdcee2391 -> 
  custom:video-decoder-webm-vp8: 9c59270c3fd7afecdb556c50c9e8de78 -> 
  custom:graphics/normal-map-encoding: 01000000000000000000000000000000 -> 02000000000000000000000000000000
  custom:audio-decoder-ogg-vorbis: bf7c407c2cedff20999df2af8eb42d56 -> 
  custom:audio-encoder-webm-vorbis: bf7c407c2cedff20999df2af8eb42d56 -> 
========================================================================
Received Import Request.
  Time since last request: 12334.606310 seconds.
  path: Assets/Images/appstore.png
  artifactKey: Guid(e068eeca5476b44bd8f811f7c9e46ad8) Importer(815301076,1909f56bfc062723c751e8b465ee728b)
Start importing Assets/Images/appstore.png using Guid(e068eeca5476b44bd8f811f7c9e46ad8) Importer(815301076,1909f56bfc062723c751e8b465ee728b)  -> (artifact id: '9e73ab477b38e57970104ef79bf9a8b1') in 0.275092 seconds 
  Import took 0.303786 seconds .

========================================================================
Received Import Request.
  Time since last request: 0.000271 seconds.
  path: Assets/Images/ic_launcher 4.png
  artifactKey: Guid(9b5d259a49be342de875bfb6de5a8e63) Importer(815301076,1909f56bfc062723c751e8b465ee728b)
Start importing Assets/Images/ic_launcher 4.png using Guid(9b5d259a49be342de875bfb6de5a8e63) Importer(815301076,1909f56bfc062723c751e8b465ee728b)  -> (artifact id: '914630cc593d6262455c01b1f1156cd1') in 0.079378 seconds 
  Import took 0.103944 seconds .

========================================================================
Received Import Request.
  Time since last request: 0.000236 seconds.
  path: Assets/Images/ic_launcher 2.png
  artifactKey: Guid(e288baa7b08cb46e2b9f371d3b8fd5c9) Importer(815301076,1909f56bfc062723c751e8b465ee728b)
Start importing Assets/Images/ic_launcher 2.png using Guid(e288baa7b08cb46e2b9f371d3b8fd5c9) Importer(815301076,1909f56bfc062723c751e8b465ee728b)  -> (artifact id: '331dfdda27942880374be9956542f3a6') in 0.070861 seconds 
  Import took 0.098888 seconds .

========================================================================
Received Import Request.
  Time since last request: 0.000300 seconds.
  path: Assets/Images/playstore.png
  artifactKey: Guid(4136bf24b7c174900a2f4520c887d12f) Importer(815301076,1909f56bfc062723c751e8b465ee728b)
Start importing Assets/Images/playstore.png using Guid(4136bf24b7c174900a2f4520c887d12f) Importer(815301076,1909f56bfc062723c751e8b465ee728b)  -> (artifact id: '3e20b8f1d6945d5026c48f1c8cf3bc26') in 0.072810 seconds 
  Import took 0.100227 seconds .

========================================================================
Received Import Request.
  Time since last request: 0.000252 seconds.
  path: Assets/Images/appstore.png
  artifactKey: Guid(e068eeca5476b44bd8f811f7c9e46ad8) Importer(815301076,1909f56bfc062723c751e8b465ee728b)
Start importing Assets/Images/appstore.png using Guid(e068eeca5476b44bd8f811f7c9e46ad8) Importer(815301076,1909f56bfc062723c751e8b465ee728b)  -> (artifact id: '9e73ab477b38e57970104ef79bf9a8b1') in 0.025843 seconds 
  Import took 0.030012 seconds .

========================================================================
Received Import Request.
  Time since last request: 0.000286 seconds.
  path: Assets/Images/ic_launcher 3.png
  artifactKey: Guid(f8d2ac16ea0ae430bab198858fb1ef99) Importer(815301076,1909f56bfc062723c751e8b465ee728b)
Start importing Assets/Images/ic_launcher 3.png using Guid(f8d2ac16ea0ae430bab198858fb1ef99) Importer(815301076,1909f56bfc062723c751e8b465ee728b)  -> (artifact id: 'c1c5f73954fda1ede5113dbc66e336ca') in 0.036213 seconds 
  Import took 0.063469 seconds .

========================================================================
Received Import Request.
  Time since last request: 0.000286 seconds.
  path: Assets/Images/ic_launcher.png
  artifactKey: Guid(1229fabd4144845f9aec473cf5c5f107) Importer(815301076,1909f56bfc062723c751e8b465ee728b)
Start importing Assets/Images/ic_launcher.png using Guid(1229fabd4144845f9aec473cf5c5f107) Importer(815301076,1909f56bfc062723c751e8b465ee728b)  -> (artifact id: '934459c0b4440c26ccceaa78f9b254b3') in 0.051038 seconds 
  Import took 0.085690 seconds .

========================================================================
Received Import Request.
  Time since last request: 0.000265 seconds.
  path: Assets/Images/ic_launcher 1.png
  artifactKey: Guid(2cd5e950b04784ac8b554473af7fc7fa) Importer(815301076,1909f56bfc062723c751e8b465ee728b)
Start importing Assets/Images/ic_launcher 1.png using Guid(2cd5e950b04784ac8b554473af7fc7fa) Importer(815301076,1909f56bfc062723c751e8b465ee728b)  -> (artifact id: '541a7429692b26250f7437bd6fc127ac') in 0.048683 seconds 
  Import took 0.074587 seconds .

========================================================================
Received Import Request.
  Time since last request: 3227.812494 seconds.
  path: Assets/Plugins
  artifactKey: Guid(b32a57c9ec41141969e0727cfebeb786) Importer(815301076,1909f56bfc062723c751e8b465ee728b)
Start importing Assets/Plugins using Guid(b32a57c9ec41141969e0727cfebeb786) Importer(815301076,1909f56bfc062723c751e8b465ee728b)  -> (artifact id: 'ee3305c680714f8f1132055bbbb510da') in 0.145817 seconds 
  Import took 0.241266 seconds .

========================================================================
Received Import Request.
  Time since last request: 73.912601 seconds.
  path: Assets/Images/ic_launcher_foreground.png
  artifactKey: Guid(b0c37018936f1428eab3fcfa5204b833) Importer(815301076,1909f56bfc062723c751e8b465ee728b)
Start importing Assets/Images/ic_launcher_foreground.png using Guid(b0c37018936f1428eab3fcfa5204b833) Importer(815301076,1909f56bfc062723c751e8b465ee728b)  -> (artifact id: 'fdd0a9643cf24d469220eabf04c10700') in 0.222120 seconds 
  Import took 0.226582 seconds .

========================================================================
Received Import Request.
  Time since last request: 197.237055 seconds.
  path: Assets/Images/ic_launcher.png
  artifactKey: Guid(1229fabd4144845f9aec473cf5c5f107) Importer(815301076,1909f56bfc062723c751e8b465ee728b)
Start importing Assets/Images/ic_launcher.png using Guid(1229fabd4144845f9aec473cf5c5f107) Importer(815301076,1909f56bfc062723c751e8b465ee728b)  -> (artifact id: '204aaa1bd8e67e3b664d4d3f252723f9') in 0.154539 seconds 
  Import took 0.196457 seconds .

========================================================================
Received Import Request.
  Time since last request: 0.001770 seconds.
  path: Assets/Images/ic_launcher 4.png
  artifactKey: Guid(9b5d259a49be342de875bfb6de5a8e63) Importer(815301076,1909f56bfc062723c751e8b465ee728b)
Start importing Assets/Images/ic_launcher 4.png using Guid(9b5d259a49be342de875bfb6de5a8e63) Importer(815301076,1909f56bfc062723c751e8b465ee728b)  -> (artifact id: 'acb61a9f720186d0612f20389170cb4b') in 0.066662 seconds 
  Import took 0.092700 seconds .

========================================================================
Received Import Request.
  Time since last request: 0.000300 seconds.
  path: Assets/Images/ic_launcher-playstore.png
  artifactKey: Guid(3eba32397a076444d81d07ac61c87599) Importer(815301076,1909f56bfc062723c751e8b465ee728b)
Start importing Assets/Images/ic_launcher-playstore.png using Guid(3eba32397a076444d81d07ac61c87599) Importer(815301076,1909f56bfc062723c751e8b465ee728b)  -> (artifact id: '6930098faeb8b7788fd55c402a3789a6') in 0.158028 seconds 
  Import took 0.162357 seconds .

========================================================================
Received Import Request.
  Time since last request: 0.000362 seconds.
  path: Assets/Images/ic_launcher 2.png
  artifactKey: Guid(e288baa7b08cb46e2b9f371d3b8fd5c9) Importer(815301076,1909f56bfc062723c751e8b465ee728b)
Start importing Assets/Images/ic_launcher 2.png using Guid(e288baa7b08cb46e2b9f371d3b8fd5c9) Importer(815301076,1909f56bfc062723c751e8b465ee728b)  -> (artifact id: '79f83659d13ba8df0b4485d48d025cb2') in 0.028388 seconds 
  Import took 0.051318 seconds .

========================================================================
Received Import Request.
  Time since last request: 0.000253 seconds.
  path: Assets/Images/ic_launcher_foreground 1.png
  artifactKey: Guid(6751e84cb52b44e24afa4713d8b68695) Importer(815301076,1909f56bfc062723c751e8b465ee728b)
Start importing Assets/Images/ic_launcher_foreground 1.png using Guid(6751e84cb52b44e24afa4713d8b68695) Importer(815301076,1909f56bfc062723c751e8b465ee728b)  -> (artifact id: '7a960c2fde114bb2c80feeb0750738d8') in 0.081675 seconds 
  Import took 0.107910 seconds .

========================================================================
Received Import Request.
  Time since last request: 0.000261 seconds.
  path: Assets/Images/ic_launcher 3.png
  artifactKey: Guid(f8d2ac16ea0ae430bab198858fb1ef99) Importer(815301076,1909f56bfc062723c751e8b465ee728b)
Start importing Assets/Images/ic_launcher 3.png using Guid(f8d2ac16ea0ae430bab198858fb1ef99) Importer(815301076,1909f56bfc062723c751e8b465ee728b)  -> (artifact id: '2ec48cc00e9fe69d27628abdef182cd2') in 0.039076 seconds 
  Import took 0.041508 seconds .

========================================================================
Received Import Request.
  Time since last request: 0.000244 seconds.
  path: Assets/Images/ic_launcher.png
  artifactKey: Guid(1229fabd4144845f9aec473cf5c5f107) Importer(815301076,1909f56bfc062723c751e8b465ee728b)
Start importing Assets/Images/ic_launcher.png using Guid(1229fabd4144845f9aec473cf5c5f107) Importer(815301076,1909f56bfc062723c751e8b465ee728b)  -> (artifact id: '204aaa1bd8e67e3b664d4d3f252723f9') in 0.008469 seconds 
  Import took 0.011029 seconds .

========================================================================
Received Import Request.
  Time since last request: 0.000276 seconds.
  path: Assets/Images/ic_launcher 1.png
  artifactKey: Guid(2cd5e950b04784ac8b554473af7fc7fa) Importer(815301076,1909f56bfc062723c751e8b465ee728b)
Start importing Assets/Images/ic_launcher 1.png using Guid(2cd5e950b04784ac8b554473af7fc7fa) Importer(815301076,1909f56bfc062723c751e8b465ee728b)  -> (artifact id: '544a4596bdd7bc5f75deea9295fd9fcf') in 0.007962 seconds 
  Import took 0.011118 seconds .

========================================================================
Received Import Request.
  Time since last request: 0.775066 seconds.
  path: Assets/Images/ic_launcher 2.png
  artifactKey: Guid(e288baa7b08cb46e2b9f371d3b8fd5c9) Importer(815301076,1909f56bfc062723c751e8b465ee728b)
Start importing Assets/Images/ic_launcher 2.png using Guid(e288baa7b08cb46e2b9f371d3b8fd5c9) Importer(815301076,1909f56bfc062723c751e8b465ee728b)  -> (artifact id: '79f83659d13ba8df0b4485d48d025cb2') in 0.008633 seconds 
  Import took 0.012191 seconds .

========================================================================
Received Import Request.
  Time since last request: 1.201361 seconds.
  path: Assets/Images/ic_launcher_foreground 2.png
  artifactKey: Guid(2d05f2f473f4444f7a0060bb3f877d0a) Importer(815301076,1909f56bfc062723c751e8b465ee728b)
Start importing Assets/Images/ic_launcher_foreground 2.png using Guid(2d05f2f473f4444f7a0060bb3f877d0a) Importer(815301076,1909f56bfc062723c751e8b465ee728b)  -> (artifact id: '0adaefd663fbb6951b18b6751b4c4d14') in 0.047753 seconds 
  Import took 0.079227 seconds .

========================================================================
Received Import Request.
  Time since last request: 0.000252 seconds.
  path: Assets/Images/ic_launcher_foreground 3.png
  artifactKey: Guid(2327e9b7d6f2e442ab5b69e8fdfb9ad2) Importer(815301076,1909f56bfc062723c751e8b465ee728b)
Start importing Assets/Images/ic_launcher_foreground 3.png using Guid(2327e9b7d6f2e442ab5b69e8fdfb9ad2) Importer(815301076,1909f56bfc062723c751e8b465ee728b)  -> (artifact id: 'b72d036ce133671929d6fcbea0d73512') in 0.063745 seconds 
  Import took 0.088521 seconds .

========================================================================
Received Import Request.
  Time since last request: 0.000268 seconds.
  path: Assets/Images/ic_launcher_foreground 2.png
  artifactKey: Guid(2d05f2f473f4444f7a0060bb3f877d0a) Importer(815301076,1909f56bfc062723c751e8b465ee728b)
Start importing Assets/Images/ic_launcher_foreground 2.png using Guid(2d05f2f473f4444f7a0060bb3f877d0a) Importer(815301076,1909f56bfc062723c751e8b465ee728b)  -> (artifact id: '0adaefd663fbb6951b18b6751b4c4d14') in 0.008845 seconds 
  Import took 0.011829 seconds .

========================================================================
Received Import Request.
  Time since last request: 1.041723 seconds.
  path: Assets/Images/ic_launcher_foreground 3.png
  artifactKey: Guid(2327e9b7d6f2e442ab5b69e8fdfb9ad2) Importer(815301076,1909f56bfc062723c751e8b465ee728b)
Start importing Assets/Images/ic_launcher_foreground 3.png using Guid(2327e9b7d6f2e442ab5b69e8fdfb9ad2) Importer(815301076,1909f56bfc062723c751e8b465ee728b)  -> (artifact id: 'b72d036ce133671929d6fcbea0d73512') in 0.011408 seconds 
  Import took 0.015028 seconds .

========================================================================
Received Import Request.
  Time since last request: 1.188310 seconds.
  path: Assets/Images/ic_launcher_foreground 4.png
  artifactKey: Guid(87e71b5d942f244c8b050300d8de1bf6) Importer(815301076,1909f56bfc062723c751e8b465ee728b)
Start importing Assets/Images/ic_launcher_foreground 4.png using Guid(87e71b5d942f244c8b050300d8de1bf6) Importer(815301076,1909f56bfc062723c751e8b465ee728b)  -> (artifact id: '27dbd7464d6cbdb5a1ad8d831a6a2615') in 0.066781 seconds 
  Import took 0.087909 seconds .

========================================================================
Received Import Request.
  Time since last request: 0.000261 seconds.
  path: Assets/Images/ic_launcher_round.png
  artifactKey: Guid(8ccc8109a6ec840a1ad5237263fa5bfc) Importer(815301076,1909f56bfc062723c751e8b465ee728b)
Start importing Assets/Images/ic_launcher_round.png using Guid(8ccc8109a6ec840a1ad5237263fa5bfc) Importer(815301076,1909f56bfc062723c751e8b465ee728b)  -> (artifact id: 'ce105a7d7366b6a08fa6b84dc4f6a77f') in 0.065835 seconds 
  Import took 0.087484 seconds .

========================================================================
Received Import Request.
  Time since last request: 0.000258 seconds.
  path: Assets/Images/ic_launcher_round 3.png
  artifactKey: Guid(939f6be4ec6fb40ce878638a0e1db19e) Importer(815301076,1909f56bfc062723c751e8b465ee728b)
Start importing Assets/Images/ic_launcher_round 3.png using Guid(939f6be4ec6fb40ce878638a0e1db19e) Importer(815301076,1909f56bfc062723c751e8b465ee728b)  -> (artifact id: 'daca4557456004e51031c44a2bf6ff5a') in 0.046613 seconds 
  Import took 0.049223 seconds .

========================================================================
Received Import Request.
  Time since last request: 0.000339 seconds.
  path: Assets/Images/ic_launcher_round 4.png
  artifactKey: Guid(04197a447dbe24662b6bf1113ff55625) Importer(815301076,1909f56bfc062723c751e8b465ee728b)
Start importing Assets/Images/ic_launcher_round 4.png using Guid(04197a447dbe24662b6bf1113ff55625) Importer(815301076,1909f56bfc062723c751e8b465ee728b)  -> (artifact id: '169a841bf5cc5c2769d14fffca9a0761') in 0.054976 seconds 
  Import took 0.091179 seconds .

========================================================================
Received Import Request.
  Time since last request: 0.000303 seconds.
  path: Assets/Images/ic_launcher_round 2.png
  artifactKey: Guid(689b8101cca584ce7a5c13a53d29f5d1) Importer(815301076,1909f56bfc062723c751e8b465ee728b)
Start importing Assets/Images/ic_launcher_round 2.png using Guid(689b8101cca584ce7a5c13a53d29f5d1) Importer(815301076,1909f56bfc062723c751e8b465ee728b)  -> (artifact id: '68f6a0a7f8baa8d6032afc9e45b12df6') in 0.046807 seconds 
  Import took 0.049541 seconds .

========================================================================
Received Import Request.
  Time since last request: 0.000254 seconds.
  path: Assets/Images/ic_launcher_round 1.png
  artifactKey: Guid(34f165055c7c14eb89f29319eb40bd41) Importer(815301076,1909f56bfc062723c751e8b465ee728b)
Start importing Assets/Images/ic_launcher_round 1.png using Guid(34f165055c7c14eb89f29319eb40bd41) Importer(815301076,1909f56bfc062723c751e8b465ee728b)  -> (artifact id: '0cbb156978ab8f5e3ad36721de10ffd0') in 0.017924 seconds 
  Import took 0.020647 seconds .

========================================================================
Received Import Request.
  Time since last request: 159.191011 seconds.
  path: Assets/Images/ic_3launcher_round.png
  artifactKey: Guid(8ccc8109a6ec840a1ad5237263fa5bfc) Importer(815301076,1909f56bfc062723c751e8b465ee728b)
Start importing Assets/Images/ic_3launcher_round.png using Guid(8ccc8109a6ec840a1ad5237263fa5bfc) Importer(815301076,1909f56bfc062723c751e8b465ee728b)  -> (artifact id: '64d93b185d1a81c26dd67ba4baadda69') in 0.101926 seconds 
  Import took 0.129382 seconds .

========================================================================
Received Import Request.
  Time since last request: 14.374766 seconds.
  path: Assets/Images/ic_3launcher_round 1.png
  artifactKey: Guid(34f165055c7c14eb89f29319eb40bd41) Importer(815301076,1909f56bfc062723c751e8b465ee728b)
Start importing Assets/Images/ic_3launcher_round 1.png using Guid(34f165055c7c14eb89f29319eb40bd41) Importer(815301076,1909f56bfc062723c751e8b465ee728b)  -> (artifact id: '4ea5847067da9a280ed75d1d3cd6a060') in 0.048201 seconds 
  Import took 0.084215 seconds .

========================================================================
Received Import Request.
  Time since last request: 21.107591 seconds.
  path: Assets/Images/ic_2launcher_round 1.png
  artifactKey: Guid(34f165055c7c14eb89f29319eb40bd41) Importer(815301076,1909f56bfc062723c751e8b465ee728b)
Start importing Assets/Images/ic_2launcher_round 1.png using Guid(34f165055c7c14eb89f29319eb40bd41) Importer(815301076,1909f56bfc062723c751e8b465ee728b)  -> (artifact id: 'ee7588bc41316532a2f2d357100ce283') in 0.012465 seconds 
  Import took 0.016787 seconds .

========================================================================
Received Import Request.
  Time since last request: 113.604812 seconds.
  path: Assets/Images/foreground 1.png
  artifactKey: Guid(6751e84cb52b44e24afa4713d8b68695) Importer(815301076,1909f56bfc062723c751e8b465ee728b)
Start importing Assets/Images/foreground 1.png using Guid(6751e84cb52b44e24afa4713d8b68695) Importer(815301076,1909f56bfc062723c751e8b465ee728b)  -> (artifact id: 'bb572eef1f4f88cc22aa73fb612501b5') in 0.038711 seconds 
  Import took 0.043109 seconds .

========================================================================
Received Import Request.
  Time since last request: 6.214415 seconds.
  path: Assets/Images/foreground 2.png
  artifactKey: Guid(2d05f2f473f4444f7a0060bb3f877d0a) Importer(815301076,1909f56bfc062723c751e8b465ee728b)
Start importing Assets/Images/foreground 2.png using Guid(2d05f2f473f4444f7a0060bb3f877d0a) Importer(815301076,1909f56bfc062723c751e8b465ee728b)  -> (artifact id: '85240aaaef6165c67c4400b6afb7713c') in 0.046414 seconds 
  Import took 0.071366 seconds .

========================================================================
Received Import Request.
  Time since last request: 6.696755 seconds.
  path: Assets/Images/foreground 3.png
  artifactKey: Guid(2327e9b7d6f2e442ab5b69e8fdfb9ad2) Importer(815301076,1909f56bfc062723c751e8b465ee728b)
Start importing Assets/Images/foreground 3.png using Guid(2327e9b7d6f2e442ab5b69e8fdfb9ad2) Importer(815301076,1909f56bfc062723c751e8b465ee728b)  -> (artifact id: '13d2ab7553bb3c54729844de46676c1f') in 0.045227 seconds 
  Import took 0.073113 seconds .

========================================================================
Received Import Request.
  Time since last request: 4.580135 seconds.
  path: Assets/Images/foreground 4.png
  artifactKey: Guid(87e71b5d942f244c8b050300d8de1bf6) Importer(815301076,1909f56bfc062723c751e8b465ee728b)
Start importing Assets/Images/foreground 4.png using Guid(87e71b5d942f244c8b050300d8de1bf6) Importer(815301076,1909f56bfc062723c751e8b465ee728b)  -> (artifact id: '891c21174e28dca781585409d484c9b5') in 0.038076 seconds 
  Import took 0.065903 seconds .

========================================================================
Received Import Request.
  Time since last request: 9.803165 seconds.
  path: Assets/Images/foreground.png
  artifactKey: Guid(b0c37018936f1428eab3fcfa5204b833) Importer(815301076,1909f56bfc062723c751e8b465ee728b)
Start importing Assets/Images/foreground.png using Guid(b0c37018936f1428eab3fcfa5204b833) Importer(815301076,1909f56bfc062723c751e8b465ee728b)  -> (artifact id: '35b2c628a8c2bf3385e28a53711eea68') in 0.047862 seconds 
  Import took 0.076356 seconds .

========================================================================
Received Import Request.
  Time since last request: 7.219566 seconds.
  path: Assets/Images/round 2.png
  artifactKey: Guid(689b8101cca584ce7a5c13a53d29f5d1) Importer(815301076,1909f56bfc062723c751e8b465ee728b)
Start importing Assets/Images/round 2.png using Guid(689b8101cca584ce7a5c13a53d29f5d1) Importer(815301076,1909f56bfc062723c751e8b465ee728b)  -> (artifact id: '045d0c21887ab36d3ed1eb72ebfa61aa') in 0.040665 seconds 
  Import took 0.061223 seconds .

========================================================================
Received Import Request.
  Time since last request: 5.277572 seconds.
  path: Assets/Images/round 4.png
  artifactKey: Guid(04197a447dbe24662b6bf1113ff55625) Importer(815301076,1909f56bfc062723c751e8b465ee728b)
Start importing Assets/Images/round 4.png using Guid(04197a447dbe24662b6bf1113ff55625) Importer(815301076,1909f56bfc062723c751e8b465ee728b)  -> (artifact id: 'f9f5f570f005ab3a27fdc2cec2d07b22') in 0.044449 seconds 
  Import took 0.048417 seconds .

========================================================================
Received Import Request.
  Time since last request: 24.753007 seconds.
  path: Assets/Images/round 3.png
  artifactKey: Guid(939f6be4ec6fb40ce878638a0e1db19e) Importer(815301076,1909f56bfc062723c751e8b465ee728b)
Start importing Assets/Images/round 3.png using Guid(939f6be4ec6fb40ce878638a0e1db19e) Importer(815301076,1909f56bfc062723c751e8b465ee728b)  -> (artifact id: 'cdc9ef4844d53975a49156ace8416d69') in 0.026231 seconds 
  Import took 0.030009 seconds .

========================================================================
Received Prepare
Refreshing native plugins compatible for Editor in 1216.78 ms, found 2 plugins.
Preloading 0 native plugins for Editor in 0.00 ms.
Unloading 34 Unused Serialized files (Serialized files now loaded: 0)
System memory in use before: 131.5 MB.
System memory in use after: 131.6 MB.

Unloading 34 unused Assets to reduce memory usage. Loaded Objects now: 2004.
Total: 21.816491 ms (FindLiveObjects: 0.225996 ms CreateObjectMapping: 0.058956 ms MarkObjects: 21.490161 ms  DeleteObjects: 0.040379 ms)

AssetImportParameters requested are different than current active one (requested -> active):
  custom:video-decoder-ogg-theora: a1e56fd34408186e4bbccfd4996cb3dc -> 
  custom:container-muxer-webm: aa71ff27fc2769a1b78a27578f13a17b -> 
  custom:container-demuxer-webm: 4f35f7cbe854078d1ac9338744f61a02 -> 
  custom:container-demuxer-ogg: 62fdf1f143b41e24485cea50d1cbac27 -> 
  custom:video-encoder-webm-vp8: eb34c28f22e8b96e1ab97ce403110664 -> 
  custom:framework-osx-AVFoundation: b23960f63f64bdc6ff669e2cdcee2391 -> 
  custom:video-decoder-webm-vp8: 9c59270c3fd7afecdb556c50c9e8de78 -> 
  custom:audio-decoder-ogg-vorbis: bf7c407c2cedff20999df2af8eb42d56 -> 
  custom:audio-encoder-webm-vorbis: bf7c407c2cedff20999df2af8eb42d56 -> 
========================================================================
Received Prepare
Refreshing native plugins compatible for Editor in 476.34 ms, found 2 plugins.
Preloading 0 native plugins for Editor in 0.00 ms.
Unloading 34 Unused Serialized files (Serialized files now loaded: 0)
System memory in use before: 131.5 MB.
System memory in use after: 131.6 MB.

Unloading 34 unused Assets to reduce memory usage. Loaded Objects now: 2004.
Total: 8.434841 ms (FindLiveObjects: 0.844916 ms CreateObjectMapping: 0.072008 ms MarkObjects: 7.456647 ms  DeleteObjects: 0.059650 ms)

AssetImportParameters requested are different than current active one (requested -> active):
  custom:video-decoder-ogg-theora: a1e56fd34408186e4bbccfd4996cb3dc -> 
  custom:container-muxer-webm: aa71ff27fc2769a1b78a27578f13a17b -> 
  custom:container-demuxer-webm: 4f35f7cbe854078d1ac9338744f61a02 -> 
  custom:container-demuxer-ogg: 62fdf1f143b41e24485cea50d1cbac27 -> 
  custom:video-encoder-webm-vp8: eb34c28f22e8b96e1ab97ce403110664 -> 
  custom:framework-osx-AVFoundation: b23960f63f64bdc6ff669e2cdcee2391 -> 
  custom:video-decoder-webm-vp8: 9c59270c3fd7afecdb556c50c9e8de78 -> 
  custom:audio-decoder-ogg-vorbis: bf7c407c2cedff20999df2af8eb42d56 -> 
  custom:audio-encoder-webm-vorbis: bf7c407c2cedff20999df2af8eb42d56 -> 
