Using pre-set license

 COMMAND LINE ARGUMENTS:
/Applications/Unity/Hub/Editor/2020.3.16f1/Unity.app/Contents/MacOS/Unity
-adb2
-batchMode
-noUpm
-name
AssetImportWorker11
-projectPath
/Users/stevehechio/CreateWithCode/Helix Jump
-logFile
Logs/AssetImportWorker11.log
-srvPort
49572
Successfully changed project path to: /Users/stevehechio/CreateWithCode/Helix Jump
/Users/stevehechio/CreateWithCode/Helix Jump
Using Asset Import Pipeline V2.
Refreshing native plugins compatible for Editor in 282.99 ms, found 2 plugins.
Preloading 0 native plugins for Editor in 0.00 ms.
Initialize engine version: 2020.3.16f1 (049d6eca3c44)
[Subsystems] Discovering subsystems at path /Applications/Unity/Hub/Editor/2020.3.16f1/Unity.app/Contents/Resources/UnitySubsystems
[Subsystems] Discovering subsystems at path /Users/stevehechio/CreateWithCode/Helix Jump/Assets
GfxDevice: creating device client; threaded=0
2021-10-18 08:12:42.506 Unity[1062:20409] iMac preferred device: NVIDIA GeForce GT 755M (high power)
2021-10-18 08:12:42.506 Unity[1062:20409] Metal devices available: 1
2021-10-18 08:12:42.506 Unity[1062:20409] 0: NVIDIA GeForce GT 755M (high power)
2021-10-18 08:12:42.506 Unity[1062:20409] Using device NVIDIA GeForce GT 755M (high power)
Initializing Metal device caps: NVIDIA GeForce GT 755M
Initialize mono
Mono path[0] = '/Applications/Unity/Hub/Editor/2020.3.16f1/Unity.app/Contents/Managed'
Mono path[1] = '/Applications/Unity/Hub/Editor/2020.3.16f1/Unity.app/Contents/MonoBleedingEdge/lib/mono/unityjit'
Mono config path = '/Applications/Unity/Hub/Editor/2020.3.16f1/Unity.app/Contents/MonoBleedingEdge/etc'
Using monoOptions --debugger-agent=transport=dt_socket,embedding=1,server=y,suspend=n,address=127.0.0.1:56062
Begin MonoManager ReloadAssembly
Registering precompiled unity dll's ...
Register platform support module: /Applications/Unity/Hub/Editor/2020.3.16f1/Unity.app/Contents/PlaybackEngines/MacStandaloneSupport/UnityEditor.OSXStandalone.Extensions.dll
Registered in 0.028902 seconds.
Native extension for OSXStandalone target not found
Refreshing native plugins compatible for Editor in 38.05 ms, found 2 plugins.
Preloading 0 native plugins for Editor in 0.00 ms.
Mono: successfully reloaded assembly
- Completed reload, in  3.893 seconds
Domain Reload Profiling:
	ReloadAssembly (3894ms)
		BeginReloadAssembly (65ms)
			ExecutionOrderSort (0ms)
			DisableScriptedObjects (0ms)
			BackupInstance (0ms)
			ReleaseScriptingObjects (0ms)
			CreateAndSetChildDomain (1ms)
		EndReloadAssembly (802ms)
			LoadAssemblies (66ms)
			RebuildTransferFunctionScriptingTraits (0ms)
			SetupTypeCache (231ms)
			ReleaseScriptCaches (0ms)
			RebuildScriptCaches (50ms)
			SetupLoadedEditorAssemblies (452ms)
				LogAssemblyErrors (0ms)
				InitializePlatformSupportModulesInManaged (5ms)
				SetLoadedEditorAssemblies (1ms)
				RefreshPlugins (38ms)
				BeforeProcessingInitializeOnLoad (174ms)
				ProcessInitializeOnLoadAttributes (116ms)
				ProcessInitializeOnLoadMethodAttributes (118ms)
				AfterProcessingInitializeOnLoad (0ms)
				EditorAssembliesLoaded (0ms)
			ExecutionOrderSort2 (0ms)
			AwakeInstancesAfterBackupRestoration (0ms)
Platform modules already initialized, skipping
Registering precompiled user dll's ...
Registered in 0.053267 seconds.
Begin MonoManager ReloadAssembly
Native extension for OSXStandalone target not found
Refreshing native plugins compatible for Editor in 0.60 ms, found 2 plugins.
Preloading 0 native plugins for Editor in 0.00 ms.
Mono: successfully reloaded assembly
- Completed reload, in  1.750 seconds
Domain Reload Profiling:
	ReloadAssembly (1789ms)
		BeginReloadAssembly (201ms)
			ExecutionOrderSort (0ms)
			DisableScriptedObjects (6ms)
			BackupInstance (0ms)
			ReleaseScriptingObjects (0ms)
			CreateAndSetChildDomain (45ms)
		EndReloadAssembly (1505ms)
			LoadAssemblies (277ms)
			RebuildTransferFunctionScriptingTraits (0ms)
			SetupTypeCache (423ms)
			ReleaseScriptCaches (1ms)
			RebuildScriptCaches (70ms)
			SetupLoadedEditorAssemblies (537ms)
				LogAssemblyErrors (0ms)
				InitializePlatformSupportModulesInManaged (8ms)
				SetLoadedEditorAssemblies (1ms)
				RefreshPlugins (1ms)
				BeforeProcessingInitializeOnLoad (94ms)
				ProcessInitializeOnLoadAttributes (426ms)
				ProcessInitializeOnLoadMethodAttributes (5ms)
				AfterProcessingInitializeOnLoad (2ms)
				EditorAssembliesLoaded (0ms)
			ExecutionOrderSort2 (0ms)
			AwakeInstancesAfterBackupRestoration (10ms)
Platform modules already initialized, skipping
========================================================================
Worker process is ready to serve import requests
Launching external process: /Applications/Unity/Hub/Editor/2020.3.16f1/Unity.app/Contents/Tools/UnityShaderCompiler
Launched and connected shader compiler UnityShaderCompiler after 0.07 seconds
Refreshing native plugins compatible for Editor in 0.59 ms, found 2 plugins.
Preloading 0 native plugins for Editor in 0.00 ms.
Unloading 1564 Unused Serialized files (Serialized files now loaded: 0)
System memory in use before: 147.4 MB.
System memory in use after: 147.5 MB.

Unloading 41 unused Assets to reduce memory usage. Loaded Objects now: 1976.
Total: 3.205598 ms (FindLiveObjects: 0.182449 ms CreateObjectMapping: 0.059089 ms MarkObjects: 2.896777 ms  DeleteObjects: 0.066198 ms)

AssetImportParameters requested are different than current active one (requested -> active):
  custom:video-decoder-ogg-theora: a1e56fd34408186e4bbccfd4996cb3dc -> 
  custom:container-muxer-webm: aa71ff27fc2769a1b78a27578f13a17b -> 
  custom:container-demuxer-webm: 4f35f7cbe854078d1ac9338744f61a02 -> 
  custom:container-demuxer-ogg: 62fdf1f143b41e24485cea50d1cbac27 -> 
  custom:video-encoder-webm-vp8: eb34c28f22e8b96e1ab97ce403110664 -> 
  custom:framework-osx-AVFoundation: b23960f63f64bdc6ff669e2cdcee2391 -> 
  custom:video-decoder-webm-vp8: 9c59270c3fd7afecdb556c50c9e8de78 -> 
  custom:audio-decoder-ogg-vorbis: bf7c407c2cedff20999df2af8eb42d56 -> 
  custom:audio-encoder-webm-vorbis: bf7c407c2cedff20999df2af8eb42d56 -> 
========================================================================
Received Import Request.
  path: Assets/Scripts/GameManager.cs
  artifactKey: Guid(7f1a802388d094aa381b2b3d36962f7e) Importer(815301076,1909f56bfc062723c751e8b465ee728b)
Start importing Assets/Scripts/GameManager.cs using Guid(7f1a802388d094aa381b2b3d36962f7e) Importer(815301076,1909f56bfc062723c751e8b465ee728b)  -> (artifact id: '84a943cce7e77156184ee3c9d1fbdeb5') in 1.099754 seconds 
  Import took 1.168566 seconds .

========================================================================
Received Import Request.
  Time since last request: 235.097818 seconds.
  path: Assets/Stages/16.asset
  artifactKey: Guid(b0459313086f14ffcbd5a168f949eaad) Importer(815301076,1909f56bfc062723c751e8b465ee728b)
Start importing Assets/Stages/16.asset using Guid(b0459313086f14ffcbd5a168f949eaad) Importer(815301076,1909f56bfc062723c751e8b465ee728b)  -> (artifact id: '252c5fef1429fb359be096214ef74284') in 0.549344 seconds 
  Import took 0.552962 seconds .

========================================================================
Received Import Request.
  Time since last request: 145.301599 seconds.
  path: Assets/Stages/17.asset
  artifactKey: Guid(4e08bb1e1d78947feafc7d65521677d2) Importer(815301076,1909f56bfc062723c751e8b465ee728b)
Start importing Assets/Stages/17.asset using Guid(4e08bb1e1d78947feafc7d65521677d2) Importer(815301076,1909f56bfc062723c751e8b465ee728b)  -> (artifact id: 'aa2885a152082df8875e415235413a69') in 0.006147 seconds 
  Import took 0.009557 seconds .

========================================================================
Received Import Request.
  Time since last request: 182.375483 seconds.
  path: Assets/Stages/18.asset
  artifactKey: Guid(cc9f508019e674a4aa8cf37e60f778a8) Importer(815301076,1909f56bfc062723c751e8b465ee728b)
Start importing Assets/Stages/18.asset using Guid(cc9f508019e674a4aa8cf37e60f778a8) Importer(815301076,1909f56bfc062723c751e8b465ee728b)  -> (artifact id: '1efd7d6bd4a958b582698f468607c8f8') in 0.006050 seconds 
  Import took 0.009712 seconds .

========================================================================
Received Import Request.
  Time since last request: 227.114540 seconds.
  path: Assets/Stages/19.asset
  artifactKey: Guid(839f952f12d574e7f9eebbfcc1973b29) Importer(815301076,1909f56bfc062723c751e8b465ee728b)
Start importing Assets/Stages/19.asset using Guid(839f952f12d574e7f9eebbfcc1973b29) Importer(815301076,1909f56bfc062723c751e8b465ee728b)  -> (artifact id: '11a395a1f36d26f54b5c849c7edd9cae') in 0.007478 seconds 
  Import took 0.011651 seconds .

========================================================================
Received Import Request.
  Time since last request: 57.554050 seconds.
  path: Assets/Stages/New Stage.asset
  artifactKey: Guid(2e181fa5e022a488eb3abdf378a5296d) Importer(815301076,1909f56bfc062723c751e8b465ee728b)
Start importing Assets/Stages/New Stage.asset using Guid(2e181fa5e022a488eb3abdf378a5296d) Importer(815301076,1909f56bfc062723c751e8b465ee728b)  -> (artifact id: 'de94e787797d06c9d98e245b491b9fa2') in 0.006146 seconds 
  Import took 0.009485 seconds .

========================================================================
Received Import Request.
  Time since last request: 12.630072 seconds.
  path: Assets/Stages/20.asset
  artifactKey: Guid(2e181fa5e022a488eb3abdf378a5296d) Importer(815301076,1909f56bfc062723c751e8b465ee728b)
Start importing Assets/Stages/20.asset using Guid(2e181fa5e022a488eb3abdf378a5296d) Importer(815301076,1909f56bfc062723c751e8b465ee728b)  -> (artifact id: 'cef180d44581d26b2e178222fbd74f70') in 0.005678 seconds 
  Import took 0.009064 seconds .

========================================================================
Received Prepare
Refreshing native plugins compatible for Editor in 626.34 ms, found 2 plugins.
Preloading 0 native plugins for Editor in 0.00 ms.
Unloading 34 Unused Serialized files (Serialized files now loaded: 0)
System memory in use before: 125.7 MB.
System memory in use after: 125.8 MB.

Unloading 34 unused Assets to reduce memory usage. Loaded Objects now: 1976.
Total: 3.574952 ms (FindLiveObjects: 0.168588 ms CreateObjectMapping: 0.055367 ms MarkObjects: 3.336011 ms  DeleteObjects: 0.014236 ms)

AssetImportParameters requested are different than current active one (requested -> active):
  custom:video-decoder-ogg-theora: a1e56fd34408186e4bbccfd4996cb3dc -> 
  custom:container-muxer-webm: aa71ff27fc2769a1b78a27578f13a17b -> 
  custom:container-demuxer-webm: 4f35f7cbe854078d1ac9338744f61a02 -> 
  custom:container-demuxer-ogg: 62fdf1f143b41e24485cea50d1cbac27 -> 
  custom:video-encoder-webm-vp8: eb34c28f22e8b96e1ab97ce403110664 -> 
  custom:framework-osx-AVFoundation: b23960f63f64bdc6ff669e2cdcee2391 -> 
  custom:video-decoder-webm-vp8: 9c59270c3fd7afecdb556c50c9e8de78 -> 
  custom:audio-decoder-ogg-vorbis: bf7c407c2cedff20999df2af8eb42d56 -> 
  custom:audio-encoder-webm-vorbis: bf7c407c2cedff20999df2af8eb42d56 -> 
